
*** Running vivado
    with args -log zybo_dvi_input_wrapper.vdi -applog -m64 -messageDb vivado.pb -mode batch -source zybo_dvi_input_wrapper.tcl -notrace


****** Vivado v2015.4 (64-bit)
  **** SW Build 1412921 on Wed Nov 18 09:44:32 MST 2015
  **** IP Build 1412160 on Tue Nov 17 13:47:24 MST 2015
    ** Copyright 1986-2015 Xilinx, Inc. All Rights Reserved.

source zybo_dvi_input_wrapper.tcl -notrace
Design is defaulting to srcset: sources_1
Design is defaulting to constrset: constrs_1
INFO: [Netlist 29-17] Analyzing 43 Unisim elements for replacement
INFO: [Netlist 29-28] Unisim Transformation completed in 0 CPU seconds
INFO: [Project 1-479] Netlist was created with Vivado 2015.4
INFO: [Device 21-403] Loading part xc7z010clg400-1
INFO: [Project 1-570] Preparing netlist for logic optimization
Parsing XDC File [/home/mike/Documents/osiris-hdl/projects/zybo_dvi_input/zybo_dvi_input.srcs/sources_1/bd/zybo_dvi_input/ip/zybo_dvi_input_dvi2rgb_0_0/src/dvi2rgb.xdc] for cell 'zybo_dvi_input_i/dvi2rgb_0/U0'
Finished Parsing XDC File [/home/mike/Documents/osiris-hdl/projects/zybo_dvi_input/zybo_dvi_input.srcs/sources_1/bd/zybo_dvi_input/ip/zybo_dvi_input_dvi2rgb_0_0/src/dvi2rgb.xdc] for cell 'zybo_dvi_input_i/dvi2rgb_0/U0'
Parsing XDC File [/home/mike/Documents/osiris-hdl/projects/zybo_dvi_input/zybo_dvi_input.srcs/sources_1/bd/zybo_dvi_input/ip/zybo_dvi_input_clk_wiz_0_0/zybo_dvi_input_clk_wiz_0_0_board.xdc] for cell 'zybo_dvi_input_i/clk_wiz_0/inst'
Finished Parsing XDC File [/home/mike/Documents/osiris-hdl/projects/zybo_dvi_input/zybo_dvi_input.srcs/sources_1/bd/zybo_dvi_input/ip/zybo_dvi_input_clk_wiz_0_0/zybo_dvi_input_clk_wiz_0_0_board.xdc] for cell 'zybo_dvi_input_i/clk_wiz_0/inst'
Parsing XDC File [/home/mike/Documents/osiris-hdl/projects/zybo_dvi_input/zybo_dvi_input.srcs/sources_1/bd/zybo_dvi_input/ip/zybo_dvi_input_clk_wiz_0_0/zybo_dvi_input_clk_wiz_0_0.xdc] for cell 'zybo_dvi_input_i/clk_wiz_0/inst'
INFO: [Timing 38-35] Done setting XDC timing constraints. [/home/mike/Documents/osiris-hdl/projects/zybo_dvi_input/zybo_dvi_input.srcs/sources_1/bd/zybo_dvi_input/ip/zybo_dvi_input_clk_wiz_0_0/zybo_dvi_input_clk_wiz_0_0.xdc:56]
INFO: [Timing 38-2] Deriving generated clocks [/home/mike/Documents/osiris-hdl/projects/zybo_dvi_input/zybo_dvi_input.srcs/sources_1/bd/zybo_dvi_input/ip/zybo_dvi_input_clk_wiz_0_0/zybo_dvi_input_clk_wiz_0_0.xdc:56]
get_clocks: Time (s): cpu = 00:00:10 ; elapsed = 00:00:10 . Memory (MB): peak = 1683.938 ; gain = 463.523 ; free physical = 6743 ; free virtual = 19734
Finished Parsing XDC File [/home/mike/Documents/osiris-hdl/projects/zybo_dvi_input/zybo_dvi_input.srcs/sources_1/bd/zybo_dvi_input/ip/zybo_dvi_input_clk_wiz_0_0/zybo_dvi_input_clk_wiz_0_0.xdc] for cell 'zybo_dvi_input_i/clk_wiz_0/inst'
Parsing XDC File [/home/mike/Documents/osiris-hdl/projects/zybo_dvi_input/zybo_dvi_input.srcs/sources_1/bd/zybo_dvi_input/ip/zybo_dvi_input_processing_system7_0_0/zybo_dvi_input_processing_system7_0_0.xdc] for cell 'zybo_dvi_input_i/processing_system7_0/inst'
Finished Parsing XDC File [/home/mike/Documents/osiris-hdl/projects/zybo_dvi_input/zybo_dvi_input.srcs/sources_1/bd/zybo_dvi_input/ip/zybo_dvi_input_processing_system7_0_0/zybo_dvi_input_processing_system7_0_0.xdc] for cell 'zybo_dvi_input_i/processing_system7_0/inst'
Parsing XDC File [/home/mike/Documents/osiris-hdl/projects/zybo_dvi_input/zybo_dvi_input.srcs/constrs_1/imports/Downloads/ZYBO_Master.xdc]
Finished Parsing XDC File [/home/mike/Documents/osiris-hdl/projects/zybo_dvi_input/zybo_dvi_input.srcs/constrs_1/imports/Downloads/ZYBO_Master.xdc]
INFO: [Opt 31-138] Pushed 0 inverter(s) to 0 load pin(s).
INFO: [Project 1-111] Unisim Transformation Summary:
  A total of 8 instances were transformed.
  IOBUF => IOBUF (IBUF, OBUFT): 2 instances
  RAM32M => RAM32M (RAMD32, RAMD32, RAMD32, RAMD32, RAMD32, RAMD32, RAMS32, RAMS32): 6 instances

link_design: Time (s): cpu = 00:00:16 ; elapsed = 00:00:16 . Memory (MB): peak = 1684.938 ; gain = 774.316 ; free physical = 6736 ; free virtual = 19729
Command: opt_design
Attempting to get a license for feature 'Implementation' and/or device 'xc7z010'
INFO: [Common 17-349] Got license for feature 'Implementation' and/or device 'xc7z010'
Running DRC as a precondition to command opt_design

Starting DRC Task
INFO: [DRC 23-27] Running DRC with 8 threads
INFO: [Project 1-461] DRC finished with 0 Errors
INFO: [Project 1-462] Please refer to the DRC report (report_drc) for more information.

Time (s): cpu = 00:00:00.13 ; elapsed = 00:00:00.13 . Memory (MB): peak = 1756.973 ; gain = 64.031 ; free physical = 6721 ; free virtual = 19716
INFO: [Timing 38-35] Done setting XDC timing constraints.
INFO: [Timing 38-2] Deriving generated clocks

Starting Logic Optimization Task
Implement Debug Cores | Checksum: 150f7ae8b

Phase 1 Retarget
INFO: [Opt 31-138] Pushed 0 inverter(s) to 0 load pin(s).
INFO: [Opt 31-49] Retargeted 0 cell(s).
Phase 1 Retarget | Checksum: 17b100076

Time (s): cpu = 00:00:00.22 ; elapsed = 00:00:00.20 . Memory (MB): peak = 1756.973 ; gain = 0.000 ; free physical = 6709 ; free virtual = 19703

Phase 2 Constant Propagation
INFO: [Opt 31-138] Pushed 0 inverter(s) to 0 load pin(s).
INFO: [Opt 31-10] Eliminated 38 cells.
Phase 2 Constant Propagation | Checksum: 1bd6f1fa3

Time (s): cpu = 00:00:00.52 ; elapsed = 00:00:00.47 . Memory (MB): peak = 1756.973 ; gain = 0.000 ; free physical = 6697 ; free virtual = 19691

Phase 3 Sweep
INFO: [Opt 31-12] Eliminated 128 unconnected nets.
INFO: [Opt 31-11] Eliminated 126 unconnected cells.
Phase 3 Sweep | Checksum: 14a5eb8ee

Time (s): cpu = 00:00:00.82 ; elapsed = 00:00:00.76 . Memory (MB): peak = 1756.973 ; gain = 0.000 ; free physical = 6697 ; free virtual = 19691

Starting Connectivity Check Task

Time (s): cpu = 00:00:00 ; elapsed = 00:00:00.01 . Memory (MB): peak = 1756.973 ; gain = 0.000 ; free physical = 6698 ; free virtual = 19691
Ending Logic Optimization Task | Checksum: 14a5eb8ee

Time (s): cpu = 00:00:00.83 ; elapsed = 00:00:00.78 . Memory (MB): peak = 1756.973 ; gain = 0.000 ; free physical = 6698 ; free virtual = 19691

Starting Power Optimization Task
INFO: [Pwropt 34-132] Skipping clock gating for clocks with a period < 2.00 ns.
Ending Power Optimization Task | Checksum: 14a5eb8ee

Time (s): cpu = 00:00:00.01 ; elapsed = 00:00:00.01 . Memory (MB): peak = 1756.973 ; gain = 0.000 ; free physical = 6698 ; free virtual = 19691
INFO: [Common 17-83] Releasing license: Implementation
23 Infos, 0 Warnings, 0 Critical Warnings and 0 Errors encountered.
opt_design completed successfully
Writing placer database...
Writing XDEF routing.
Writing XDEF routing logical nets.
Writing XDEF routing special nets.
Write XDEF Complete: Time (s): cpu = 00:00:00.20 ; elapsed = 00:00:00.07 . Memory (MB): peak = 1756.973 ; gain = 0.000 ; free physical = 6696 ; free virtual = 19690
INFO: [DRC 23-27] Running DRC with 8 threads
INFO: [Coretcl 2-168] The results of DRC are in file /home/mike/Documents/osiris-hdl/projects/zybo_dvi_input/zybo_dvi_input.runs/impl_1/zybo_dvi_input_wrapper_drc_opted.rpt.
Command: place_design
Attempting to get a license for feature 'Implementation' and/or device 'xc7z010'
INFO: [Common 17-349] Got license for feature 'Implementation' and/or device 'xc7z010'
INFO: [DRC 23-27] Running DRC with 8 threads
INFO: [Vivado_Tcl 4-198] DRC finished with 0 Errors
INFO: [Vivado_Tcl 4-199] Please refer to the DRC report (report_drc) for more information.
Running DRC as a precondition to command place_design
INFO: [DRC 23-27] Running DRC with 8 threads
INFO: [Vivado_Tcl 4-198] DRC finished with 0 Errors
INFO: [Vivado_Tcl 4-199] Please refer to the DRC report (report_drc) for more information.

Starting Placer Task
INFO: [Place 30-611] Multithreading enabled for place_design using a maximum of 8 CPUs

Phase 1 Placer Initialization
Netlist sorting complete. Time (s): cpu = 00:00:00 ; elapsed = 00:00:00 . Memory (MB): peak = 1760.973 ; gain = 0.000 ; free physical = 6657 ; free virtual = 19658
Netlist sorting complete. Time (s): cpu = 00:00:00.01 ; elapsed = 00:00:00 . Memory (MB): peak = 1760.973 ; gain = 0.000 ; free physical = 6657 ; free virtual = 19658

Phase 1.1 IO Placement/ Clock Placement/ Build Placer Device

Phase 1.1.1 Pre-Place Cells
Phase 1.1.1 Pre-Place Cells | Checksum: 57c3a46d

Time (s): cpu = 00:00:00.03 ; elapsed = 00:00:00.03 . Memory (MB): peak = 1760.973 ; gain = 0.000 ; free physical = 6657 ; free virtual = 19658
WARNING: [Place 30-12] An IO Bus FIXED_IO_mio with more than one IO standard is found. Components associated with this bus are: 
	FIXED_IO_mio[53] of IOStandard LVCMOS18
	FIXED_IO_mio[52] of IOStandard LVCMOS18
	FIXED_IO_mio[51] of IOStandard LVCMOS18
	FIXED_IO_mio[50] of IOStandard LVCMOS18
	FIXED_IO_mio[49] of IOStandard LVCMOS18
	FIXED_IO_mio[48] of IOStandard LVCMOS18
	FIXED_IO_mio[47] of IOStandard LVCMOS18
	FIXED_IO_mio[46] of IOStandard LVCMOS18
	FIXED_IO_mio[45] of IOStandard LVCMOS18
	FIXED_IO_mio[44] of IOStandard LVCMOS18
	FIXED_IO_mio[43] of IOStandard LVCMOS18
	FIXED_IO_mio[42] of IOStandard LVCMOS18
	FIXED_IO_mio[41] of IOStandard LVCMOS18
	FIXED_IO_mio[40] of IOStandard LVCMOS18
	FIXED_IO_mio[39] of IOStandard LVCMOS18
	FIXED_IO_mio[38] of IOStandard LVCMOS18
	FIXED_IO_mio[37] of IOStandard LVCMOS18
	FIXED_IO_mio[36] of IOStandard LVCMOS18
	FIXED_IO_mio[35] of IOStandard LVCMOS18
	FIXED_IO_mio[34] of IOStandard LVCMOS18
	FIXED_IO_mio[33] of IOStandard LVCMOS18
	FIXED_IO_mio[32] of IOStandard LVCMOS18
	FIXED_IO_mio[31] of IOStandard LVCMOS18
	FIXED_IO_mio[30] of IOStandard LVCMOS18
	FIXED_IO_mio[29] of IOStandard LVCMOS18
	FIXED_IO_mio[28] of IOStandard LVCMOS18
	FIXED_IO_mio[27] of IOStandard HSTL_I_18
	FIXED_IO_mio[26] of IOStandard HSTL_I_18
	FIXED_IO_mio[25] of IOStandard HSTL_I_18
	FIXED_IO_mio[24] of IOStandard HSTL_I_18
	FIXED_IO_mio[23] of IOStandard HSTL_I_18
	FIXED_IO_mio[22] of IOStandard HSTL_I_18
	FIXED_IO_mio[21] of IOStandard HSTL_I_18
	FIXED_IO_mio[20] of IOStandard HSTL_I_18
	FIXED_IO_mio[19] of IOStandard HSTL_I_18
	FIXED_IO_mio[18] of IOStandard HSTL_I_18
	FIXED_IO_mio[17] of IOStandard HSTL_I_18
	FIXED_IO_mio[16] of IOStandard HSTL_I_18
	FIXED_IO_mio[15] of IOStandard LVCMOS33
	FIXED_IO_mio[14] of IOStandard LVCMOS33
	FIXED_IO_mio[13] of IOStandard LVCMOS33
	FIXED_IO_mio[12] of IOStandard LVCMOS33
	FIXED_IO_mio[11] of IOStandard LVCMOS33
	FIXED_IO_mio[10] of IOStandard LVCMOS33
	FIXED_IO_mio[9] of IOStandard LVCMOS33
	FIXED_IO_mio[8] of IOStandard LVCMOS33
	FIXED_IO_mio[7] of IOStandard LVCMOS33
	FIXED_IO_mio[6] of IOStandard LVCMOS33
	FIXED_IO_mio[5] of IOStandard LVCMOS33
	FIXED_IO_mio[4] of IOStandard LVCMOS33
	FIXED_IO_mio[3] of IOStandard LVCMOS33
	FIXED_IO_mio[2] of IOStandard LVCMOS33
	FIXED_IO_mio[1] of IOStandard LVCMOS33
	FIXED_IO_mio[0] of IOStandard LVCMOS33
INFO: [Timing 38-35] Done setting XDC timing constraints.

Phase 1.1.2 IO and Clk Clean Up
Phase 1.1.2 IO and Clk Clean Up | Checksum: 57c3a46d

Time (s): cpu = 00:00:01 ; elapsed = 00:00:01 . Memory (MB): peak = 1776.980 ; gain = 16.008 ; free physical = 6666 ; free virtual = 19657

Phase 1.1.3 Implementation Feasibility check On IDelay
Phase 1.1.3 Implementation Feasibility check On IDelay | Checksum: 57c3a46d

Time (s): cpu = 00:00:01 ; elapsed = 00:00:01 . Memory (MB): peak = 1776.980 ; gain = 16.008 ; free physical = 6666 ; free virtual = 19657

Phase 1.1.4 Commit IO Placement
Phase 1.1.4 Commit IO Placement | Checksum: 63bf8f0b

Time (s): cpu = 00:00:01 ; elapsed = 00:00:01 . Memory (MB): peak = 1776.980 ; gain = 16.008 ; free physical = 6666 ; free virtual = 19657
Phase 1.1 IO Placement/ Clock Placement/ Build Placer Device | Checksum: 10e3a0c48

Time (s): cpu = 00:00:01 ; elapsed = 00:00:01 . Memory (MB): peak = 1776.980 ; gain = 16.008 ; free physical = 6666 ; free virtual = 19657

Phase 1.2 Build Placer Netlist Model

Phase 1.2.1 Place Init Design

Phase 1.2.1.1 Init Lut Pin Assignment
Phase 1.2.1.1 Init Lut Pin Assignment | Checksum: 11fac0991

Time (s): cpu = 00:00:02 ; elapsed = 00:00:01 . Memory (MB): peak = 1776.980 ; gain = 16.008 ; free physical = 6666 ; free virtual = 19657
Phase 1.2.1 Place Init Design | Checksum: 17d445900

Time (s): cpu = 00:00:02 ; elapsed = 00:00:02 . Memory (MB): peak = 1783.000 ; gain = 22.027 ; free physical = 6661 ; free virtual = 19652
Phase 1.2 Build Placer Netlist Model | Checksum: 17d445900

Time (s): cpu = 00:00:02 ; elapsed = 00:00:02 . Memory (MB): peak = 1783.000 ; gain = 22.027 ; free physical = 6661 ; free virtual = 19652

Phase 1.3 Constrain Clocks/Macros

Phase 1.3.1 Constrain Global/Regional Clocks
Phase 1.3.1 Constrain Global/Regional Clocks | Checksum: 17d445900

Time (s): cpu = 00:00:02 ; elapsed = 00:00:02 . Memory (MB): peak = 1783.000 ; gain = 22.027 ; free physical = 6661 ; free virtual = 19652
Phase 1.3 Constrain Clocks/Macros | Checksum: 17d445900

Time (s): cpu = 00:00:02 ; elapsed = 00:00:02 . Memory (MB): peak = 1783.000 ; gain = 22.027 ; free physical = 6661 ; free virtual = 19652
Phase 1 Placer Initialization | Checksum: 17d445900

Time (s): cpu = 00:00:02 ; elapsed = 00:00:02 . Memory (MB): peak = 1783.000 ; gain = 22.027 ; free physical = 6661 ; free virtual = 19652

Phase 2 Global Placement
Phase 2 Global Placement | Checksum: 19042533c

Time (s): cpu = 00:00:05 ; elapsed = 00:00:02 . Memory (MB): peak = 1839.027 ; gain = 78.055 ; free physical = 6657 ; free virtual = 19648

Phase 3 Detail Placement

Phase 3.1 Commit Multi Column Macros
Phase 3.1 Commit Multi Column Macros | Checksum: 19042533c

Time (s): cpu = 00:00:05 ; elapsed = 00:00:02 . Memory (MB): peak = 1839.027 ; gain = 78.055 ; free physical = 6657 ; free virtual = 19648

Phase 3.2 Commit Most Macros & LUTRAMs
Phase 3.2 Commit Most Macros & LUTRAMs | Checksum: 222186eca

Time (s): cpu = 00:00:06 ; elapsed = 00:00:03 . Memory (MB): peak = 1839.027 ; gain = 78.055 ; free physical = 6658 ; free virtual = 19649

Phase 3.3 Area Swap Optimization
Phase 3.3 Area Swap Optimization | Checksum: 23eab3efb

Time (s): cpu = 00:00:06 ; elapsed = 00:00:03 . Memory (MB): peak = 1839.027 ; gain = 78.055 ; free physical = 6658 ; free virtual = 19649

Phase 3.4 updateClock Trees: DP
Phase 3.4 updateClock Trees: DP | Checksum: 23eab3efb

Time (s): cpu = 00:00:06 ; elapsed = 00:00:03 . Memory (MB): peak = 1839.027 ; gain = 78.055 ; free physical = 6658 ; free virtual = 19649

Phase 3.5 Timing Path Optimizer
Phase 3.5 Timing Path Optimizer | Checksum: 22ca8bbc0

Time (s): cpu = 00:00:06 ; elapsed = 00:00:03 . Memory (MB): peak = 1839.027 ; gain = 78.055 ; free physical = 6658 ; free virtual = 19649

Phase 3.6 Fast Optimization
Phase 3.6 Fast Optimization | Checksum: 22ca8bbc0

Time (s): cpu = 00:00:06 ; elapsed = 00:00:03 . Memory (MB): peak = 1839.027 ; gain = 78.055 ; free physical = 6658 ; free virtual = 19649

Phase 3.7 Small Shape Detail Placement

Phase 3.7.1 Commit Small Macros and Core Logic

Phase 3.7.1.1 Commit Slice Clusters
Phase 3.7.1.1 Commit Slice Clusters | Checksum: 198de5d0b

Time (s): cpu = 00:00:06 ; elapsed = 00:00:03 . Memory (MB): peak = 1839.027 ; gain = 78.055 ; free physical = 6657 ; free virtual = 19648
Phase 3.7.1 Commit Small Macros and Core Logic | Checksum: 198de5d0b

Time (s): cpu = 00:00:06 ; elapsed = 00:00:03 . Memory (MB): peak = 1839.027 ; gain = 78.055 ; free physical = 6657 ; free virtual = 19648

Phase 3.7.2 Clock Restriction Legalization for Leaf Columns
Phase 3.7.2 Clock Restriction Legalization for Leaf Columns | Checksum: 198de5d0b

Time (s): cpu = 00:00:06 ; elapsed = 00:00:03 . Memory (MB): peak = 1839.027 ; gain = 78.055 ; free physical = 6657 ; free virtual = 19648

Phase 3.7.3 Clock Restriction Legalization for Non-Clock Pins
Phase 3.7.3 Clock Restriction Legalization for Non-Clock Pins | Checksum: 198de5d0b

Time (s): cpu = 00:00:06 ; elapsed = 00:00:03 . Memory (MB): peak = 1839.027 ; gain = 78.055 ; free physical = 6657 ; free virtual = 19648
Phase 3.7 Small Shape Detail Placement | Checksum: 198de5d0b

Time (s): cpu = 00:00:06 ; elapsed = 00:00:03 . Memory (MB): peak = 1839.027 ; gain = 78.055 ; free physical = 6657 ; free virtual = 19648

Phase 3.8 Re-assign LUT pins
Phase 3.8 Re-assign LUT pins | Checksum: 1ea69e12d

Time (s): cpu = 00:00:06 ; elapsed = 00:00:03 . Memory (MB): peak = 1839.027 ; gain = 78.055 ; free physical = 6657 ; free virtual = 19648
Phase 3 Detail Placement | Checksum: 1ea69e12d

Time (s): cpu = 00:00:06 ; elapsed = 00:00:03 . Memory (MB): peak = 1839.027 ; gain = 78.055 ; free physical = 6657 ; free virtual = 19648

Phase 4 Post Placement Optimization and Clean-Up

Phase 4.1 Post Commit Optimization

Phase 4.1.1 callUpdateTimingBeforePCO
Phase 4.1.1 callUpdateTimingBeforePCO | Checksum: 1d99cc782

Time (s): cpu = 00:00:07 ; elapsed = 00:00:03 . Memory (MB): peak = 1839.027 ; gain = 78.055 ; free physical = 6657 ; free virtual = 19648

Phase 4.1.2 updateClock Trees: PCOPT
Phase 4.1.2 updateClock Trees: PCOPT | Checksum: 1d99cc782

Time (s): cpu = 00:00:07 ; elapsed = 00:00:03 . Memory (MB): peak = 1839.027 ; gain = 78.055 ; free physical = 6657 ; free virtual = 19648

Phase 4.1.3 Post Placement Optimization

Phase 4.1.3.1 PCOPT Shape updates

Phase 4.1.3.1.1 removeOptionalFFsFromShapes
Phase 4.1.3.1.1 removeOptionalFFsFromShapes | Checksum: 1d99cc782

Time (s): cpu = 00:00:07 ; elapsed = 00:00:03 . Memory (MB): peak = 1839.027 ; gain = 78.055 ; free physical = 6657 ; free virtual = 19648

Phase 4.1.3.1.2 deleteLutnmShapes

Phase 4.1.3.1.2.1 deleteShapes
Phase 4.1.3.1.2.1 deleteShapes | Checksum: 166804ab3

Time (s): cpu = 00:00:07 ; elapsed = 00:00:03 . Memory (MB): peak = 1839.027 ; gain = 78.055 ; free physical = 6657 ; free virtual = 19648
Phase 4.1.3.1.2 deleteLutnmShapes | Checksum: 166804ab3

Time (s): cpu = 00:00:07 ; elapsed = 00:00:03 . Memory (MB): peak = 1839.027 ; gain = 78.055 ; free physical = 6657 ; free virtual = 19648
Phase 4.1.3.1 PCOPT Shape updates | Checksum: 166804ab3

Time (s): cpu = 00:00:07 ; elapsed = 00:00:03 . Memory (MB): peak = 1839.027 ; gain = 78.055 ; free physical = 6657 ; free virtual = 19648

Phase 4.1.3.2 Post Placement Timing Optimization

Phase 4.1.3.2.1 Restore Best Placement
Phase 4.1.3.2.1 Restore Best Placement | Checksum: 15400b29d

Time (s): cpu = 00:00:07 ; elapsed = 00:00:03 . Memory (MB): peak = 1839.027 ; gain = 78.055 ; free physical = 6657 ; free virtual = 19648
INFO: [Place 30-746] Post Placement Timing Summary WNS=0.533. For the most accurate timing information please run report_timing.
Phase 4.1.3.2 Post Placement Timing Optimization | Checksum: 15400b29d

Time (s): cpu = 00:00:07 ; elapsed = 00:00:03 . Memory (MB): peak = 1839.027 ; gain = 78.055 ; free physical = 6657 ; free virtual = 19648
Phase 4.1.3 Post Placement Optimization | Checksum: 15400b29d

Time (s): cpu = 00:00:07 ; elapsed = 00:00:03 . Memory (MB): peak = 1839.027 ; gain = 78.055 ; free physical = 6657 ; free virtual = 19648
Phase 4.1 Post Commit Optimization | Checksum: 15400b29d

Time (s): cpu = 00:00:07 ; elapsed = 00:00:03 . Memory (MB): peak = 1839.027 ; gain = 78.055 ; free physical = 6657 ; free virtual = 19648

Phase 4.2 Sweep Clock Roots: Post-Placement
Phase 4.2 Sweep Clock Roots: Post-Placement | Checksum: 15400b29d

Time (s): cpu = 00:00:07 ; elapsed = 00:00:03 . Memory (MB): peak = 1839.027 ; gain = 78.055 ; free physical = 6657 ; free virtual = 19648

Phase 4.3 Post Placement Cleanup
Phase 4.3 Post Placement Cleanup | Checksum: 15400b29d

Time (s): cpu = 00:00:07 ; elapsed = 00:00:03 . Memory (MB): peak = 1839.027 ; gain = 78.055 ; free physical = 6657 ; free virtual = 19648

Phase 4.4 Placer Reporting

Phase 4.4.1 Restore STA
Phase 4.4.1 Restore STA | Checksum: 15400b29d

Time (s): cpu = 00:00:07 ; elapsed = 00:00:03 . Memory (MB): peak = 1839.027 ; gain = 78.055 ; free physical = 6657 ; free virtual = 19648
Phase 4.4 Placer Reporting | Checksum: 15400b29d

Time (s): cpu = 00:00:07 ; elapsed = 00:00:03 . Memory (MB): peak = 1839.027 ; gain = 78.055 ; free physical = 6657 ; free virtual = 19648

Phase 4.5 Final Placement Cleanup
Phase 4.5 Final Placement Cleanup | Checksum: 152861e6f

Time (s): cpu = 00:00:07 ; elapsed = 00:00:03 . Memory (MB): peak = 1839.027 ; gain = 78.055 ; free physical = 6657 ; free virtual = 19648
Phase 4 Post Placement Optimization and Clean-Up | Checksum: 152861e6f

Time (s): cpu = 00:00:07 ; elapsed = 00:00:03 . Memory (MB): peak = 1839.027 ; gain = 78.055 ; free physical = 6657 ; free virtual = 19648
Ending Placer Task | Checksum: aeb93ebd

Time (s): cpu = 00:00:07 ; elapsed = 00:00:03 . Memory (MB): peak = 1839.027 ; gain = 78.055 ; free physical = 6657 ; free virtual = 19648
INFO: [Common 17-83] Releasing license: Implementation
36 Infos, 1 Warnings, 0 Critical Warnings and 0 Errors encountered.
place_design completed successfully
Writing placer database...
Writing XDEF routing.
Writing XDEF routing logical nets.
Writing XDEF routing special nets.
Write XDEF Complete: Time (s): cpu = 00:00:00.45 ; elapsed = 00:00:00.18 . Memory (MB): peak = 1839.027 ; gain = 0.000 ; free physical = 6655 ; free virtual = 19650
report_io: Time (s): cpu = 00:00:00.15 ; elapsed = 00:00:00.20 . Memory (MB): peak = 1839.027 ; gain = 0.000 ; free physical = 6655 ; free virtual = 19647
report_utilization: Time (s): cpu = 00:00:00.09 ; elapsed = 00:00:00.11 . Memory (MB): peak = 1839.027 ; gain = 0.000 ; free physical = 6654 ; free virtual = 19646
report_control_sets: Time (s): cpu = 00:00:00.07 ; elapsed = 00:00:00.09 . Memory (MB): peak = 1839.027 ; gain = 0.000 ; free physical = 6654 ; free virtual = 19645
Command: route_design
Attempting to get a license for feature 'Implementation' and/or device 'xc7z010'
INFO: [Common 17-349] Got license for feature 'Implementation' and/or device 'xc7z010'
Running DRC as a precondition to command route_design
INFO: [DRC 23-27] Running DRC with 8 threads
WARNING: [DRC 23-20] Rule violation (PLIO-7) Placement Constraints Check for IO constraints - An IO Bus FIXED_IO_mio[53:0] with more than one IO standard is found. Components associated with this bus are: LVCMOS18 (FIXED_IO_mio[53], FIXED_IO_mio[52], FIXED_IO_mio[51], FIXED_IO_mio[50], FIXED_IO_mio[49], FIXED_IO_mio[48], FIXED_IO_mio[47], FIXED_IO_mio[46], FIXED_IO_mio[45], FIXED_IO_mio[44], FIXED_IO_mio[43], FIXED_IO_mio[42], FIXED_IO_mio[41], FIXED_IO_mio[40], FIXED_IO_mio[39] (the first 15 of 26 listed)); LVCMOS33 (FIXED_IO_mio[15], FIXED_IO_mio[14], FIXED_IO_mio[13], FIXED_IO_mio[12], FIXED_IO_mio[11], FIXED_IO_mio[10], FIXED_IO_mio[9], FIXED_IO_mio[8], FIXED_IO_mio[7], FIXED_IO_mio[6], FIXED_IO_mio[5], FIXED_IO_mio[4], FIXED_IO_mio[3], FIXED_IO_mio[2], FIXED_IO_mio[1] (the first 15 of 16 listed)); HSTL_I_18 (FIXED_IO_mio[27], FIXED_IO_mio[26], FIXED_IO_mio[25], FIXED_IO_mio[24], FIXED_IO_mio[23], FIXED_IO_mio[22], FIXED_IO_mio[21], FIXED_IO_mio[20], FIXED_IO_mio[19], FIXED_IO_mio[18], FIXED_IO_mio[17], FIXED_IO_mio[16]); 
INFO: [Vivado_Tcl 4-198] DRC finished with 0 Errors, 1 Warnings
INFO: [Vivado_Tcl 4-199] Please refer to the DRC report (report_drc) for more information.


Starting Routing Task
INFO: [Route 35-254] Multithreading enabled for route_design using a maximum of 8 CPUs
Checksum: PlaceDB: 7b5afb60 ConstDB: 0 ShapeSum: 335e435d RouteDB: 0

Phase 1 Build RT Design
Phase 1 Build RT Design | Checksum: 1024c7706

Time (s): cpu = 00:00:11 ; elapsed = 00:00:09 . Memory (MB): peak = 1839.027 ; gain = 0.000 ; free physical = 6612 ; free virtual = 19604

Phase 2 Router Initialization

Phase 2.1 Create Timer
Phase 2.1 Create Timer | Checksum: 1024c7706

Time (s): cpu = 00:00:11 ; elapsed = 00:00:09 . Memory (MB): peak = 1839.027 ; gain = 0.000 ; free physical = 6612 ; free virtual = 19604

Phase 2.2 Pre Route Cleanup
Phase 2.2 Pre Route Cleanup | Checksum: 1024c7706

Time (s): cpu = 00:00:11 ; elapsed = 00:00:09 . Memory (MB): peak = 1839.027 ; gain = 0.000 ; free physical = 6584 ; free virtual = 19576
 Number of Nodes with overlaps = 0

Phase 2.3 Update Timing
Phase 2.3 Update Timing | Checksum: 194233f16

Time (s): cpu = 00:00:12 ; elapsed = 00:00:10 . Memory (MB): peak = 1839.027 ; gain = 0.000 ; free physical = 6574 ; free virtual = 19566
INFO: [Route 35-416] Intermediate Timing Summary | WNS=0.509  | TNS=0.000  | WHS=-0.690 | THS=-21.688|

Phase 2 Router Initialization | Checksum: 1dad11699

Time (s): cpu = 00:00:12 ; elapsed = 00:00:10 . Memory (MB): peak = 1839.027 ; gain = 0.000 ; free physical = 6574 ; free virtual = 19566

Phase 3 Initial Routing
Phase 3 Initial Routing | Checksum: 1fde92426

Time (s): cpu = 00:00:13 ; elapsed = 00:00:10 . Memory (MB): peak = 1839.027 ; gain = 0.000 ; free physical = 6574 ; free virtual = 19566

Phase 4 Rip-up And Reroute

Phase 4.1 Global Iteration 0
 Number of Nodes with overlaps = 162
 Number of Nodes with overlaps = 10
 Number of Nodes with overlaps = 2
 Number of Nodes with overlaps = 1
 Number of Nodes with overlaps = 0

Phase 4.1.1 Update Timing
Phase 4.1.1 Update Timing | Checksum: 1ababac03

Time (s): cpu = 00:00:15 ; elapsed = 00:00:10 . Memory (MB): peak = 1839.027 ; gain = 0.000 ; free physical = 6574 ; free virtual = 19566
INFO: [Route 35-416] Intermediate Timing Summary | WNS=0.623  | TNS=0.000  | WHS=N/A    | THS=N/A    |

Phase 4.1 Global Iteration 0 | Checksum: 20d98d462

Time (s): cpu = 00:00:15 ; elapsed = 00:00:11 . Memory (MB): peak = 1839.027 ; gain = 0.000 ; free physical = 6574 ; free virtual = 19566
Phase 4 Rip-up And Reroute | Checksum: 20d98d462

Time (s): cpu = 00:00:15 ; elapsed = 00:00:11 . Memory (MB): peak = 1839.027 ; gain = 0.000 ; free physical = 6574 ; free virtual = 19566

Phase 5 Delay and Skew Optimization

Phase 5.1 Delay CleanUp

Phase 5.1.1 Update Timing
Phase 5.1.1 Update Timing | Checksum: 1a6fb0cbc

Time (s): cpu = 00:00:15 ; elapsed = 00:00:11 . Memory (MB): peak = 1839.027 ; gain = 0.000 ; free physical = 6574 ; free virtual = 19566
INFO: [Route 35-416] Intermediate Timing Summary | WNS=0.775  | TNS=0.000  | WHS=N/A    | THS=N/A    |

Phase 5.1 Delay CleanUp | Checksum: 1a6fb0cbc

Time (s): cpu = 00:00:15 ; elapsed = 00:00:11 . Memory (MB): peak = 1839.027 ; gain = 0.000 ; free physical = 6574 ; free virtual = 19566

Phase 5.2 Clock Skew Optimization
Phase 5.2 Clock Skew Optimization | Checksum: 1a6fb0cbc

Time (s): cpu = 00:00:15 ; elapsed = 00:00:11 . Memory (MB): peak = 1839.027 ; gain = 0.000 ; free physical = 6574 ; free virtual = 19566
Phase 5 Delay and Skew Optimization | Checksum: 1a6fb0cbc

Time (s): cpu = 00:00:15 ; elapsed = 00:00:11 . Memory (MB): peak = 1839.027 ; gain = 0.000 ; free physical = 6574 ; free virtual = 19566

Phase 6 Post Hold Fix

Phase 6.1 Update Timing
Phase 6.1 Update Timing | Checksum: 1887a5b83

Time (s): cpu = 00:00:15 ; elapsed = 00:00:11 . Memory (MB): peak = 1839.027 ; gain = 0.000 ; free physical = 6566 ; free virtual = 19561
INFO: [Route 35-416] Intermediate Timing Summary | WNS=0.775  | TNS=0.000  | WHS=0.038  | THS=0.000  |

Phase 6 Post Hold Fix | Checksum: 1c4ec82f0

Time (s): cpu = 00:00:15 ; elapsed = 00:00:11 . Memory (MB): peak = 1839.027 ; gain = 0.000 ; free physical = 6566 ; free virtual = 19561

Phase 7 Route finalize

Router Utilization Summary
  Global Vertical Routing Utilization    = 0.350507 %
  Global Horizontal Routing Utilization  = 0.367647 %
  Routable Net Status*
  *Does not include unroutable nets such as driverless and loadless.
  Run report_route_status for detailed report.
  Number of Failed Nets               = 0
  Number of Unrouted Nets             = 0
  Number of Partially Routed Nets     = 0
  Number of Node Overlaps             = 0

Phase 7 Route finalize | Checksum: 254990de5

Time (s): cpu = 00:00:15 ; elapsed = 00:00:11 . Memory (MB): peak = 1839.027 ; gain = 0.000 ; free physical = 6566 ; free virtual = 19561

Phase 8 Verifying routed nets

 Verification completed successfully
Phase 8 Verifying routed nets | Checksum: 254990de5

Time (s): cpu = 00:00:15 ; elapsed = 00:00:11 . Memory (MB): peak = 1839.027 ; gain = 0.000 ; free physical = 6564 ; free virtual = 19559

Phase 9 Depositing Routes
Phase 9 Depositing Routes | Checksum: 20bc07d7d

Time (s): cpu = 00:00:16 ; elapsed = 00:00:11 . Memory (MB): peak = 1839.027 ; gain = 0.000 ; free physical = 6564 ; free virtual = 19559

Phase 10 Post Router Timing
INFO: [Route 35-57] Estimated Timing Summary | WNS=0.775  | TNS=0.000  | WHS=0.038  | THS=0.000  |

INFO: [Route 35-327] The final timing numbers are based on the router estimated timing analysis. For a complete and accurate timing signoff, please run report_timing_summary.
Phase 10 Post Router Timing | Checksum: 20bc07d7d

Time (s): cpu = 00:00:16 ; elapsed = 00:00:11 . Memory (MB): peak = 1839.027 ; gain = 0.000 ; free physical = 6564 ; free virtual = 19559
INFO: [Route 35-16] Router Completed Successfully

Time (s): cpu = 00:00:16 ; elapsed = 00:00:11 . Memory (MB): peak = 1839.027 ; gain = 0.000 ; free physical = 6564 ; free virtual = 19559

Routing Is Done.
INFO: [Common 17-83] Releasing license: Implementation
49 Infos, 2 Warnings, 0 Critical Warnings and 0 Errors encountered.
route_design completed successfully
route_design: Time (s): cpu = 00:00:16 ; elapsed = 00:00:11 . Memory (MB): peak = 1839.027 ; gain = 0.000 ; free physical = 6564 ; free virtual = 19559
Writing placer database...
Writing XDEF routing.
Writing XDEF routing logical nets.
Writing XDEF routing special nets.
Write XDEF Complete: Time (s): cpu = 00:00:00.48 ; elapsed = 00:00:00.18 . Memory (MB): peak = 1839.027 ; gain = 0.000 ; free physical = 6559 ; free virtual = 19559
INFO: [DRC 23-27] Running DRC with 8 threads
INFO: [Coretcl 2-168] The results of DRC are in file /home/mike/Documents/osiris-hdl/projects/zybo_dvi_input/zybo_dvi_input.runs/impl_1/zybo_dvi_input_wrapper_drc_routed.rpt.
INFO: [Timing 38-91] UpdateTimingParams: Speed grade: -1, Delay Type: min_max.
INFO: [Timing 38-191] Multithreading enabled for timing update using a maximum of 8 CPUs
Running Vector-less Activity Propagation...

Finished Running Vector-less Activity Propagation
Attempting to get a license for feature 'Implementation' and/or device 'xc7z010'
INFO: [Common 17-349] Got license for feature 'Implementation' and/or device 'xc7z010'
Running DRC as a precondition to command write_bitstream
INFO: [DRC 23-27] Running DRC with 8 threads
INFO: [Vivado 12-3199] DRC finished with 0 Errors
INFO: [Vivado 12-3200] Please refer to the DRC report (report_drc) for more information.
Loading data files...
Loading site data...
Loading route data...
Processing options...
Creating bitmap...
Creating bitstream...
Writing bitstream ./zybo_dvi_input_wrapper.bit...
INFO: [Vivado 12-1842] Bitgen Completed Successfully.
INFO: [Common 17-83] Releasing license: Implementation
write_bitstream: Time (s): cpu = 00:00:12 ; elapsed = 00:00:11 . Memory (MB): peak = 2126.695 ; gain = 210.637 ; free physical = 6257 ; free virtual = 19253
INFO: [Common 17-206] Exiting Vivado at Sat Mar 12 12:06:33 2016...

*** Running vivado
    with args -log zybo_dvi_input_wrapper.vdi -applog -m64 -messageDb vivado.pb -mode batch -source zybo_dvi_input_wrapper.tcl -notrace


****** Vivado v2015.4 (64-bit)
  **** SW Build 1412921 on Wed Nov 18 09:44:32 MST 2015
  **** IP Build 1412160 on Tue Nov 17 13:47:24 MST 2015
    ** Copyright 1986-2015 Xilinx, Inc. All Rights Reserved.

source zybo_dvi_input_wrapper.tcl -notrace
Command: open_checkpoint zybo_dvi_input_wrapper_routed.dcp
INFO: [Netlist 29-17] Analyzing 35 Unisim elements for replacement
INFO: [Netlist 29-28] Unisim Transformation completed in 0 CPU seconds
INFO: [Project 1-479] Netlist was created with Vivado 2015.4
INFO: [Device 21-403] Loading part xc7z010clg400-1
INFO: [Project 1-570] Preparing netlist for logic optimization
Parsing XDC File [/home/mike/Documents/osiris-hdl/projects/zybo_dvi_input/zybo_dvi_input.runs/impl_1/.Xil/Vivado-16107-mike-HP-Z600-Workstation/dcp/zybo_dvi_input_wrapper_early.xdc]
INFO: [Timing 38-35] Done setting XDC timing constraints. [/home/mike/Documents/osiris-hdl/projects/zybo_dvi_input/zybo_dvi_input.srcs/sources_1/bd/zybo_dvi_input/ip/zybo_dvi_input_clk_wiz_0_0/zybo_dvi_input_clk_wiz_0_0.xdc:56]
INFO: [Timing 38-2] Deriving generated clocks [/home/mike/Documents/osiris-hdl/projects/zybo_dvi_input/zybo_dvi_input.srcs/sources_1/bd/zybo_dvi_input/ip/zybo_dvi_input_clk_wiz_0_0/zybo_dvi_input_clk_wiz_0_0.xdc:56]
get_clocks: Time (s): cpu = 00:00:09 ; elapsed = 00:00:09 . Memory (MB): peak = 1628.902 ; gain = 465.523 ; free physical = 6449 ; free virtual = 19457
Finished Parsing XDC File [/home/mike/Documents/osiris-hdl/projects/zybo_dvi_input/zybo_dvi_input.runs/impl_1/.Xil/Vivado-16107-mike-HP-Z600-Workstation/dcp/zybo_dvi_input_wrapper_early.xdc]
Parsing XDC File [/home/mike/Documents/osiris-hdl/projects/zybo_dvi_input/zybo_dvi_input.runs/impl_1/.Xil/Vivado-16107-mike-HP-Z600-Workstation/dcp/zybo_dvi_input_wrapper.xdc]
Finished Parsing XDC File [/home/mike/Documents/osiris-hdl/projects/zybo_dvi_input/zybo_dvi_input.runs/impl_1/.Xil/Vivado-16107-mike-HP-Z600-Workstation/dcp/zybo_dvi_input_wrapper.xdc]
Reading XDEF placement.
Reading placer database...
Reading XDEF routing.
Read XDEF File: Time (s): cpu = 00:00:00.24 ; elapsed = 00:00:00.24 . Memory (MB): peak = 1630.902 ; gain = 1.000 ; free physical = 6447 ; free virtual = 19455
Restored from archive | CPU: 0.240000 secs | Memory: 1.046890 MB |
Finished XDEF File Restore: Time (s): cpu = 00:00:00.24 ; elapsed = 00:00:00.24 . Memory (MB): peak = 1630.902 ; gain = 1.000 ; free physical = 6447 ; free virtual = 19455
INFO: [Project 1-111] Unisim Transformation Summary:
  A total of 8 instances were transformed.
  IOBUF => IOBUF (IBUF, OBUFT): 2 instances
  RAM32M => RAM32M (RAMS32, RAMS32, RAMD32, RAMD32, RAMD32, RAMD32, RAMD32, RAMD32): 6 instances

INFO: [Project 1-604] Checkpoint was created with Vivado v2015.4 (64-bit) build 1412921
open_checkpoint: Time (s): cpu = 00:00:16 ; elapsed = 00:00:16 . Memory (MB): peak = 1630.902 ; gain = 724.348 ; free physical = 6449 ; free virtual = 19453
Attempting to get a license for feature 'Implementation' and/or device 'xc7z010'
INFO: [Common 17-349] Got license for feature 'Implementation' and/or device 'xc7z010'
Running DRC as a precondition to command write_bitstream
INFO: [DRC 23-27] Running DRC with 8 threads
INFO: [Vivado 12-3199] DRC finished with 0 Errors
INFO: [Vivado 12-3200] Please refer to the DRC report (report_drc) for more information.
Loading data files...
Loading site data...
Loading route data...
Processing options...
Creating bitmap...
Creating bitstream...
Writing bitstream ./zybo_dvi_input_wrapper.bit...
INFO: [Vivado 12-1842] Bitgen Completed Successfully.
INFO: [Common 17-83] Releasing license: Implementation
write_bitstream: Time (s): cpu = 00:00:11 ; elapsed = 00:00:11 . Memory (MB): peak = 2014.043 ; gain = 383.141 ; free physical = 6102 ; free virtual = 19109
INFO: [Common 17-206] Exiting Vivado at Sat Mar 12 13:28:05 2016...
