Copyright 1986-2015 Xilinx, Inc. All Rights Reserved.
---------------------------------------------------------------------------------------------------------------------------------------------
| Tool Version     : Vivado v.2015.4 (lin64) Build 1412921 Wed Nov 18 09:44:32 MST 2015
| Date             : Thu Jan 14 15:44:04 2016
| Host             : mike-HP-Z600-Workstation running 64-bit elementary OS Freya
| Command          : report_power -file zybo_dvi_output_wrapper_power_routed.rpt -pb zybo_dvi_output_wrapper_power_summary_routed.pb
| Design           : zybo_dvi_output_wrapper
| Device           : xc7z010clg400-1
| Design State     : routed
| Grade            : commercial
| Process          : typical
| Characterization : Production
---------------------------------------------------------------------------------------------------------------------------------------------

Power Report

Table of Contents
-----------------
1. Summary
1.1 On-Chip Components
1.2 Power Supply Summary
1.3 Confidence Level
2. Settings
2.1 Environment
2.2 Clock Constraints
3. Detailed Reports
3.1 By Hierarchy

1. Summary
----------

+--------------------------+-------+
| Total On-Chip Power (W)  | 0.386 |
| Dynamic (W)              | 0.280 |
| Device Static (W)        | 0.106 |
| Total Off-Chip Power (W) | 0.008 |
| Effective TJA (C/W)      | 11.5  |
| Max Ambient (C)          | 80.6  |
| Junction Temperature (C) | 29.4  |
| Confidence Level         | High  |
| Setting File             | ---   |
| Simulation Activity File | ---   |
| Design Nets Matched      | NA    |
+--------------------------+-------+


1.1 On-Chip Components
----------------------

+----------------+-----------+----------+-----------+-----------------+
| On-Chip        | Power (W) | Used     | Available | Utilization (%) |
+----------------+-----------+----------+-----------+-----------------+
| Clocks         |     0.003 |        7 |       --- |             --- |
| Slice Logic    |     0.000 |       47 |       --- |             --- |
|   Others       |     0.000 |       35 |       --- |             --- |
|   Register     |     0.000 |       10 |     35200 |            0.03 |
|   LUT as Logic |     0.000 |        2 |     17600 |            0.01 |
| Signals        |     0.000 |       28 |       --- |             --- |
| MMCM           |     0.089 |        1 |         2 |           50.00 |
| I/O            |     0.181 |        9 |       100 |            9.00 |
| Static Power   |     0.106 |          |           |                 |
| Total          |     0.378 |          |           |                 |
+----------------+-----------+----------+-----------+-----------------+


1.2 Power Supply Summary
------------------------

+-----------+-------------+-----------+-------------+------------+
| Source    | Voltage (V) | Total (A) | Dynamic (A) | Static (A) |
+-----------+-------------+-----------+-------------+------------+
| Vccint    |       1.000 |     0.009 |       0.004 |      0.004 |
| Vccaux    |       1.800 |     0.059 |       0.048 |      0.011 |
| Vcco33    |       3.300 |     0.058 |       0.057 |      0.001 |
| Vcco25    |       2.500 |     0.000 |       0.000 |      0.000 |
| Vcco18    |       1.800 |     0.000 |       0.000 |      0.000 |
| Vcco15    |       1.500 |     0.000 |       0.000 |      0.000 |
| Vcco135   |       1.350 |     0.000 |       0.000 |      0.000 |
| Vcco12    |       1.200 |     0.000 |       0.000 |      0.000 |
| Vccaux_io |       1.800 |     0.000 |       0.000 |      0.000 |
| Vccbram   |       1.000 |     0.000 |       0.000 |      0.000 |
| MGTAVcc   |       1.000 |     0.000 |       0.000 |      0.000 |
| MGTAVtt   |       1.200 |     0.000 |       0.000 |      0.000 |
| MGTVccaux |       1.800 |     0.000 |       0.000 |      0.000 |
| Vccpint   |       1.000 |     0.018 |       0.000 |      0.018 |
| Vccpaux   |       1.800 |     0.010 |       0.000 |      0.010 |
| Vccpll    |       1.800 |     0.003 |       0.000 |      0.003 |
| Vcco_ddr  |       1.500 |     0.000 |       0.000 |      0.000 |
| Vcco_mio0 |       1.800 |     0.000 |       0.000 |      0.000 |
| Vcco_mio1 |       1.800 |     0.000 |       0.000 |      0.000 |
| Vccadc    |       1.800 |     0.020 |       0.000 |      0.020 |
+-----------+-------------+-----------+-------------+------------+


1.3 Confidence Level
--------------------

+-----------------------------+------------+------------------------------------------------+--------+
| User Input Data             | Confidence | Details                                        | Action |
+-----------------------------+------------+------------------------------------------------+--------+
| Design implementation state | High       | Design is routed                               |        |
| Clock nodes activity        | High       | User specified more than 95% of clocks         |        |
| I/O nodes activity          | High       | User specified more than 95% of inputs         |        |
| Internal nodes activity     | High       | User specified more than 25% of internal nodes |        |
| Device models               | High       | Device models are Production                   |        |
|                             |            |                                                |        |
| Overall confidence level    | High       |                                                |        |
+-----------------------------+------------+------------------------------------------------+--------+


2. Settings
-----------

2.1 Environment
---------------

+-----------------------+------------------------+
| Ambient Temp (C)      | 25.0                   |
| ThetaJA (C/W)         | 11.5                   |
| Airflow (LFM)         | 250                    |
| Heat Sink             | none                   |
| ThetaSA (C/W)         | 0.0                    |
| Board Selection       | medium (10"x10")       |
| # of Board Layers     | 8to11 (8 to 11 Layers) |
| Board Temperature (C) | 25.0                   |
+-----------------------+------------------------+


2.2 Clock Constraints
---------------------

+-------------+---------------------------------------------------------------------+-----------------+
| Clock       | Domain                                                              | Constraint (ns) |
+-------------+---------------------------------------------------------------------+-----------------+
| CLKFBIN     | zybo_dvi_output_i/rgb2dvi_0/U0/ClockGenInternal.ClockGenX/CLKFBIN   |             8.0 |
| PixelClkIO  | zybo_dvi_output_i/rgb2dvi_0/U0/ClockGenInternal.ClockGenX/PixelClk  |             8.0 |
| SerialClkIO | zybo_dvi_output_i/rgb2dvi_0/U0/ClockGenInternal.ClockGenX/SerialClk |             1.6 |
| sys_clk_pin | clk                                                                 |             8.0 |
+-------------+---------------------------------------------------------------------+-----------------+


3. Detailed Reports
-------------------

3.1 By Hierarchy
----------------

+----------------------------------------+-----------+
| Name                                   | Power (W) |
+----------------------------------------+-----------+
| zybo_dvi_output_wrapper                |     0.272 |
|   zybo_dvi_output_i                    |     0.272 |
|     rgb2dvi_0                          |     0.272 |
|       U0                               |     0.272 |
|         ClockGenInternal.ClockGenX     |     0.089 |
|           LockLostReset                |    <0.001 |
|             SyncAsyncx                 |    <0.001 |
|           PLL_LockSyncAsync            |    <0.001 |
|         ClockSerializer                |     0.046 |
|         DataEncoders[0].DataEncoder    |     0.000 |
|         DataEncoders[0].DataSerializer |     0.046 |
|         DataEncoders[1].DataEncoder    |     0.000 |
|         DataEncoders[1].DataSerializer |     0.046 |
|         DataEncoders[2].DataEncoder    |     0.000 |
|         DataEncoders[2].DataSerializer |     0.046 |
|         LockLostReset                  |    <0.001 |
|           SyncAsyncx                   |    <0.001 |
+----------------------------------------+-----------+


