
*** Running vivado
    with args -log zybo_receiver_wrapper.vdi -applog -m64 -messageDb vivado.pb -mode batch -source zybo_receiver_wrapper.tcl -notrace


****** Vivado v2015.4 (64-bit)
  **** SW Build 1412921 on Wed Nov 18 09:43:45 MST 2015
  **** IP Build 1412160 on Tue Nov 17 13:47:24 MST 2015
    ** Copyright 1986-2015 Xilinx, Inc. All Rights Reserved.

source zybo_receiver_wrapper.tcl -notrace
WARNING: [Board 49-26] cannot add Board Part digilentinc.com:arty:part0:1.1 available at C:/Xilinx/Vivado/2015.4/data/boards/board_files/arty/C.0/board.xml as part xc7a35ticsg324-1l specified in board_part file is either invalid or not available
WARNING: [Board 49-26] cannot add Board Part digilentinc.com:basys3:part0:1.1 available at C:/Xilinx/Vivado/2015.4/data/boards/board_files/basys3/C.0/board.xml as part xc7a35tcpg236-1 specified in board_part file is either invalid or not available
WARNING: [Board 49-26] cannot add Board Part digilentinc.com:cmod_a7-15t:part0:1.1 available at C:/Xilinx/Vivado/2015.4/data/boards/board_files/cmod_a7-15t/B.0/board.xml as part xc7a15tcpg236-1 specified in board_part file is either invalid or not available
WARNING: [Board 49-26] cannot add Board Part digilentinc.com:cmod_a7-35t:part0:1.1 available at C:/Xilinx/Vivado/2015.4/data/boards/board_files/cmod_a7-35t/B.0/board.xml as part xc7a35tcpg236-1 specified in board_part file is either invalid or not available
WARNING: [Board 49-26] cannot add Board Part digilentinc.com:genesys2:part0:1.1 available at C:/Xilinx/Vivado/2015.4/data/boards/board_files/genesys2/H/board.xml as part xc7k325tffg900-2 specified in board_part file is either invalid or not available
WARNING: [Board 49-26] cannot add Board Part digilentinc.com:nexys4:part0:1.1 available at C:/Xilinx/Vivado/2015.4/data/boards/board_files/nexys4/B.1/board.xml as part xc7a100tcsg324-1 specified in board_part file is either invalid or not available
WARNING: [Board 49-26] cannot add Board Part digilentinc.com:nexys4_ddr:part0:1.1 available at C:/Xilinx/Vivado/2015.4/data/boards/board_files/nexys4_ddr/C.1/board.xml as part xc7a100tcsg324-1 specified in board_part file is either invalid or not available
WARNING: [Board 49-26] cannot add Board Part digilentinc.com:nexys_video:part0:1.1 available at C:/Xilinx/Vivado/2015.4/data/boards/board_files/nexys_video/A.0/board.xml as part xc7a200tsbg484-1 specified in board_part file is either invalid or not available
Design is defaulting to srcset: sources_1
Design is defaulting to constrset: constrs_1
INFO: [Netlist 29-17] Analyzing 271 Unisim elements for replacement
INFO: [Netlist 29-28] Unisim Transformation completed in 0 CPU seconds
INFO: [Project 1-479] Netlist was created with Vivado 2015.4
INFO: [Device 21-403] Loading part xc7z010clg400-1
INFO: [Project 1-570] Preparing netlist for logic optimization
Parsing XDC File [c:/Users/Mike/Documents/osiris-hdl/projects/zybo_receiver/zybo_receiver.srcs/sources_1/bd/zybo_receiver/ip/zybo_receiver_processing_system7_0_0/zybo_receiver_processing_system7_0_0.xdc] for cell 'zybo_receiver_i/processing_system7_0/inst'
Finished Parsing XDC File [c:/Users/Mike/Documents/osiris-hdl/projects/zybo_receiver/zybo_receiver.srcs/sources_1/bd/zybo_receiver/ip/zybo_receiver_processing_system7_0_0/zybo_receiver_processing_system7_0_0.xdc] for cell 'zybo_receiver_i/processing_system7_0/inst'
Parsing XDC File [c:/Users/Mike/Documents/osiris-hdl/projects/zybo_receiver/zybo_receiver.srcs/sources_1/bd/zybo_receiver/ip/zybo_receiver_dvi2rgb_0_0/src/dvi2rgb.xdc] for cell 'zybo_receiver_i/dvi2rgb_0/U0'
Finished Parsing XDC File [c:/Users/Mike/Documents/osiris-hdl/projects/zybo_receiver/zybo_receiver.srcs/sources_1/bd/zybo_receiver/ip/zybo_receiver_dvi2rgb_0_0/src/dvi2rgb.xdc] for cell 'zybo_receiver_i/dvi2rgb_0/U0'
Parsing XDC File [c:/Users/Mike/Documents/osiris-hdl/projects/zybo_receiver/zybo_receiver.srcs/sources_1/bd/zybo_receiver/ip/zybo_receiver_clk_wiz_0_0/zybo_receiver_clk_wiz_0_0_board.xdc] for cell 'zybo_receiver_i/ref_clk_gen/inst'
Finished Parsing XDC File [c:/Users/Mike/Documents/osiris-hdl/projects/zybo_receiver/zybo_receiver.srcs/sources_1/bd/zybo_receiver/ip/zybo_receiver_clk_wiz_0_0/zybo_receiver_clk_wiz_0_0_board.xdc] for cell 'zybo_receiver_i/ref_clk_gen/inst'
Parsing XDC File [c:/Users/Mike/Documents/osiris-hdl/projects/zybo_receiver/zybo_receiver.srcs/sources_1/bd/zybo_receiver/ip/zybo_receiver_clk_wiz_0_0/zybo_receiver_clk_wiz_0_0.xdc] for cell 'zybo_receiver_i/ref_clk_gen/inst'
INFO: [Timing 38-35] Done setting XDC timing constraints. [c:/Users/Mike/Documents/osiris-hdl/projects/zybo_receiver/zybo_receiver.srcs/sources_1/bd/zybo_receiver/ip/zybo_receiver_clk_wiz_0_0/zybo_receiver_clk_wiz_0_0.xdc:56]
INFO: [Timing 38-2] Deriving generated clocks [c:/Users/Mike/Documents/osiris-hdl/projects/zybo_receiver/zybo_receiver.srcs/sources_1/bd/zybo_receiver/ip/zybo_receiver_clk_wiz_0_0/zybo_receiver_clk_wiz_0_0.xdc:56]
get_clocks: Time (s): cpu = 00:00:20 ; elapsed = 00:00:23 . Memory (MB): peak = 995.113 ; gain = 481.648
Finished Parsing XDC File [c:/Users/Mike/Documents/osiris-hdl/projects/zybo_receiver/zybo_receiver.srcs/sources_1/bd/zybo_receiver/ip/zybo_receiver_clk_wiz_0_0/zybo_receiver_clk_wiz_0_0.xdc] for cell 'zybo_receiver_i/ref_clk_gen/inst'
Parsing XDC File [c:/Users/Mike/Documents/osiris-hdl/projects/zybo_receiver/zybo_receiver.srcs/sources_1/bd/zybo_receiver/ip/zybo_receiver_axi_cdma_0_0/zybo_receiver_axi_cdma_0_0.xdc] for cell 'zybo_receiver_i/i_axi_cdma/U0'
Finished Parsing XDC File [c:/Users/Mike/Documents/osiris-hdl/projects/zybo_receiver/zybo_receiver.srcs/sources_1/bd/zybo_receiver/ip/zybo_receiver_axi_cdma_0_0/zybo_receiver_axi_cdma_0_0.xdc] for cell 'zybo_receiver_i/i_axi_cdma/U0'
Parsing XDC File [c:/Users/Mike/Documents/osiris-hdl/projects/zybo_receiver/zybo_receiver.srcs/sources_1/bd/zybo_receiver/ip/zybo_receiver_rst_processing_system7_0_100M_0/zybo_receiver_rst_processing_system7_0_100M_0_board.xdc] for cell 'zybo_receiver_i/rst_processing_system7_0_100M'
Finished Parsing XDC File [c:/Users/Mike/Documents/osiris-hdl/projects/zybo_receiver/zybo_receiver.srcs/sources_1/bd/zybo_receiver/ip/zybo_receiver_rst_processing_system7_0_100M_0/zybo_receiver_rst_processing_system7_0_100M_0_board.xdc] for cell 'zybo_receiver_i/rst_processing_system7_0_100M'
Parsing XDC File [c:/Users/Mike/Documents/osiris-hdl/projects/zybo_receiver/zybo_receiver.srcs/sources_1/bd/zybo_receiver/ip/zybo_receiver_rst_processing_system7_0_100M_0/zybo_receiver_rst_processing_system7_0_100M_0.xdc] for cell 'zybo_receiver_i/rst_processing_system7_0_100M'
Finished Parsing XDC File [c:/Users/Mike/Documents/osiris-hdl/projects/zybo_receiver/zybo_receiver.srcs/sources_1/bd/zybo_receiver/ip/zybo_receiver_rst_processing_system7_0_100M_0/zybo_receiver_rst_processing_system7_0_100M_0.xdc] for cell 'zybo_receiver_i/rst_processing_system7_0_100M'
Parsing XDC File [c:/Users/Mike/Documents/osiris-hdl/projects/zybo_receiver/zybo_receiver.srcs/sources_1/bd/zybo_receiver/ip/zybo_receiver_axi_cdma_0_1/zybo_receiver_axi_cdma_0_1.xdc] for cell 'zybo_receiver_i/o_axi_cdma/U0'
Finished Parsing XDC File [c:/Users/Mike/Documents/osiris-hdl/projects/zybo_receiver/zybo_receiver.srcs/sources_1/bd/zybo_receiver/ip/zybo_receiver_axi_cdma_0_1/zybo_receiver_axi_cdma_0_1.xdc] for cell 'zybo_receiver_i/o_axi_cdma/U0'
Parsing XDC File [C:/Users/Mike/Documents/osiris-hdl/projects/zybo_receiver/zybo_receiver.srcs/constrs_1/imports/Downloads/ZYBO_Master.xdc]
Finished Parsing XDC File [C:/Users/Mike/Documents/osiris-hdl/projects/zybo_receiver/zybo_receiver.srcs/constrs_1/imports/Downloads/ZYBO_Master.xdc]
Parsing XDC File [c:/Users/Mike/Documents/osiris-hdl/projects/zybo_receiver/zybo_receiver.srcs/sources_1/bd/zybo_receiver/ip/zybo_receiver_auto_ds_0/zybo_receiver_auto_ds_0_clocks.xdc] for cell 'zybo_receiver_i/axi_mem_intercon/m01_couplers/auto_ds/inst'
Finished Parsing XDC File [c:/Users/Mike/Documents/osiris-hdl/projects/zybo_receiver/zybo_receiver.srcs/sources_1/bd/zybo_receiver/ip/zybo_receiver_auto_ds_0/zybo_receiver_auto_ds_0_clocks.xdc] for cell 'zybo_receiver_i/axi_mem_intercon/m01_couplers/auto_ds/inst'
Parsing XDC File [c:/Users/Mike/Documents/osiris-hdl/projects/zybo_receiver/zybo_receiver.srcs/sources_1/bd/zybo_receiver/ip/zybo_receiver_auto_us_0/zybo_receiver_auto_us_0_clocks.xdc] for cell 'zybo_receiver_i/axi_mem_intercon/s00_couplers/auto_us/inst'
Finished Parsing XDC File [c:/Users/Mike/Documents/osiris-hdl/projects/zybo_receiver/zybo_receiver.srcs/sources_1/bd/zybo_receiver/ip/zybo_receiver_auto_us_0/zybo_receiver_auto_us_0_clocks.xdc] for cell 'zybo_receiver_i/axi_mem_intercon/s00_couplers/auto_us/inst'
Parsing XDC File [c:/Users/Mike/Documents/osiris-hdl/projects/zybo_receiver/zybo_receiver.srcs/sources_1/bd/zybo_receiver/ip/zybo_receiver_auto_ds_1/zybo_receiver_auto_ds_1_clocks.xdc] for cell 'zybo_receiver_i/axi_mem_intercon_1/m01_couplers/auto_ds/inst'
Finished Parsing XDC File [c:/Users/Mike/Documents/osiris-hdl/projects/zybo_receiver/zybo_receiver.srcs/sources_1/bd/zybo_receiver/ip/zybo_receiver_auto_ds_1/zybo_receiver_auto_ds_1_clocks.xdc] for cell 'zybo_receiver_i/axi_mem_intercon_1/m01_couplers/auto_ds/inst'
Parsing XDC File [c:/Users/Mike/Documents/osiris-hdl/projects/zybo_receiver/zybo_receiver.srcs/sources_1/bd/zybo_receiver/ip/zybo_receiver_auto_us_1/zybo_receiver_auto_us_1_clocks.xdc] for cell 'zybo_receiver_i/axi_mem_intercon_1/s00_couplers/auto_us/inst'
Finished Parsing XDC File [c:/Users/Mike/Documents/osiris-hdl/projects/zybo_receiver/zybo_receiver.srcs/sources_1/bd/zybo_receiver/ip/zybo_receiver_auto_us_1/zybo_receiver_auto_us_1_clocks.xdc] for cell 'zybo_receiver_i/axi_mem_intercon_1/s00_couplers/auto_us/inst'
INFO: [Opt 31-138] Pushed 0 inverter(s) to 0 load pin(s).
INFO: [Project 1-111] Unisim Transformation Summary:
  A total of 36 instances were transformed.
  RAM32M => RAM32M (RAMD32, RAMD32, RAMD32, RAMD32, RAMD32, RAMD32, RAMS32, RAMS32): 34 instances
  RAM32X1D => RAM32X1D (RAMD32, RAMD32): 2 instances

link_design: Time (s): cpu = 00:00:36 ; elapsed = 00:01:01 . Memory (MB): peak = 995.141 ; gain = 800.402
Command: opt_design
Attempting to get a license for feature 'Implementation' and/or device 'xc7z010'
INFO: [Common 17-349] Got license for feature 'Implementation' and/or device 'xc7z010'
Running DRC as a precondition to command opt_design

Starting DRC Task
INFO: [DRC 23-27] Running DRC with 2 threads
INFO: [Project 1-461] DRC finished with 0 Errors
INFO: [Project 1-462] Please refer to the DRC report (report_drc) for more information.

Time (s): cpu = 00:00:01 ; elapsed = 00:00:00.640 . Memory (MB): peak = 995.141 ; gain = 0.000
INFO: [Timing 38-35] Done setting XDC timing constraints.
INFO: [Timing 38-2] Deriving generated clocks

Starting Logic Optimization Task
Implement Debug Cores | Checksum: 116361d27

Phase 1 Retarget
INFO: [Opt 31-138] Pushed 2 inverter(s) to 4 load pin(s).
INFO: [Opt 31-49] Retargeted 0 cell(s).
Phase 1 Retarget | Checksum: 169d9d6f8

Time (s): cpu = 00:00:02 ; elapsed = 00:00:02 . Memory (MB): peak = 996.582 ; gain = 0.000

Phase 2 Constant Propagation
INFO: [Opt 31-138] Pushed 0 inverter(s) to 0 load pin(s).
INFO: [Opt 31-10] Eliminated 229 cells.
Phase 2 Constant Propagation | Checksum: 167e823da

Time (s): cpu = 00:00:06 ; elapsed = 00:00:06 . Memory (MB): peak = 996.582 ; gain = 0.000

Phase 3 Sweep
INFO: [Opt 31-12] Eliminated 1439 unconnected nets.
INFO: [Opt 31-11] Eliminated 1136 unconnected cells.
Phase 3 Sweep | Checksum: 141df137a

Time (s): cpu = 00:00:11 ; elapsed = 00:00:12 . Memory (MB): peak = 996.582 ; gain = 0.000

Starting Connectivity Check Task

Time (s): cpu = 00:00:00 ; elapsed = 00:00:00.063 . Memory (MB): peak = 996.582 ; gain = 0.000
Ending Logic Optimization Task | Checksum: 141df137a

Time (s): cpu = 00:00:11 ; elapsed = 00:00:12 . Memory (MB): peak = 996.582 ; gain = 0.000

Starting Power Optimization Task
INFO: [Pwropt 34-132] Skipping clock gating for clocks with a period < 2.00 ns.
INFO: [Pwropt 34-9] Applying IDT optimizations ...
INFO: [Pwropt 34-10] Applying ODC optimizations ...
INFO: [Timing 38-35] Done setting XDC timing constraints.
Running Vector-less Activity Propagation...

Finished Running Vector-less Activity Propagation


Starting PowerOpt Patch Enables Task
INFO: [Pwropt 34-162] WRITE_MODE attribute of 2 BRAM(s) out of a total of 4 has been updated to save power. Run report_power_opt to get a complete listing of the BRAMs updated.
INFO: [Pwropt 34-201] Structural ODC has moved 2 WE to EN ports
Number of BRAM Ports augmented: 0 newly gated: 4 Total Ports: 8
Ending PowerOpt Patch Enables Task | Checksum: 195ad70f4

Time (s): cpu = 00:00:00 ; elapsed = 00:00:00.125 . Memory (MB): peak = 1094.770 ; gain = 0.000
Ending Power Optimization Task | Checksum: 195ad70f4

Time (s): cpu = 00:00:08 ; elapsed = 00:00:08 . Memory (MB): peak = 1094.770 ; gain = 98.188
INFO: [Common 17-83] Releasing license: Implementation
28 Infos, 8 Warnings, 0 Critical Warnings and 0 Errors encountered.
opt_design completed successfully
opt_design: Time (s): cpu = 00:00:23 ; elapsed = 00:00:23 . Memory (MB): peak = 1094.770 ; gain = 99.629
Writing placer database...
Writing XDEF routing.
Writing XDEF routing logical nets.
Writing XDEF routing special nets.
Write XDEF Complete: Time (s): cpu = 00:00:02 ; elapsed = 00:00:00.968 . Memory (MB): peak = 1094.770 ; gain = 0.000
INFO: [DRC 23-27] Running DRC with 2 threads
INFO: [Coretcl 2-168] The results of DRC are in file C:/Users/Mike/Documents/osiris-hdl/projects/zybo_receiver/zybo_receiver.runs/impl_1/zybo_receiver_wrapper_drc_opted.rpt.
Command: place_design
Attempting to get a license for feature 'Implementation' and/or device 'xc7z010'
INFO: [Common 17-349] Got license for feature 'Implementation' and/or device 'xc7z010'
INFO: [DRC 23-27] Running DRC with 2 threads
INFO: [Vivado_Tcl 4-198] DRC finished with 0 Errors
INFO: [Vivado_Tcl 4-199] Please refer to the DRC report (report_drc) for more information.
Running DRC as a precondition to command place_design
INFO: [DRC 23-27] Running DRC with 2 threads
INFO: [Vivado_Tcl 4-198] DRC finished with 0 Errors
INFO: [Vivado_Tcl 4-199] Please refer to the DRC report (report_drc) for more information.

Starting Placer Task
INFO: [Place 30-611] Multithreading enabled for place_design using a maximum of 2 CPUs

Phase 1 Placer Initialization
Netlist sorting complete. Time (s): cpu = 00:00:00 ; elapsed = 00:00:00.078 . Memory (MB): peak = 1094.770 ; gain = 0.000
INFO: [Timing 38-35] Done setting XDC timing constraints.
INFO: [Opt 31-138] Pushed 0 inverter(s) to 0 load pin(s).
Netlist sorting complete. Time (s): cpu = 00:00:00 ; elapsed = 00:00:00.046 . Memory (MB): peak = 1094.770 ; gain = 0.000

Phase 1.1 IO Placement/ Clock Placement/ Build Placer Device

Phase 1.1.1 Pre-Place Cells
Phase 1.1.1 Pre-Place Cells | Checksum: 7bb91dd9

Time (s): cpu = 00:00:03 ; elapsed = 00:00:03 . Memory (MB): peak = 1094.770 ; gain = 0.000
WARNING: [Place 30-12] An IO Bus FIXED_IO_mio with more than one IO standard is found. Components associated with this bus are: 
	FIXED_IO_mio[53] of IOStandard LVCMOS18
	FIXED_IO_mio[52] of IOStandard LVCMOS18
	FIXED_IO_mio[51] of IOStandard LVCMOS18
	FIXED_IO_mio[50] of IOStandard LVCMOS18
	FIXED_IO_mio[49] of IOStandard LVCMOS18
	FIXED_IO_mio[48] of IOStandard LVCMOS18
	FIXED_IO_mio[47] of IOStandard LVCMOS18
	FIXED_IO_mio[46] of IOStandard LVCMOS18
	FIXED_IO_mio[45] of IOStandard LVCMOS18
	FIXED_IO_mio[44] of IOStandard LVCMOS18
	FIXED_IO_mio[43] of IOStandard LVCMOS18
	FIXED_IO_mio[42] of IOStandard LVCMOS18
	FIXED_IO_mio[41] of IOStandard LVCMOS18
	FIXED_IO_mio[40] of IOStandard LVCMOS18
	FIXED_IO_mio[39] of IOStandard LVCMOS18
	FIXED_IO_mio[38] of IOStandard LVCMOS18
	FIXED_IO_mio[37] of IOStandard LVCMOS18
	FIXED_IO_mio[36] of IOStandard LVCMOS18
	FIXED_IO_mio[35] of IOStandard LVCMOS18
	FIXED_IO_mio[34] of IOStandard LVCMOS18
	FIXED_IO_mio[33] of IOStandard LVCMOS18
	FIXED_IO_mio[32] of IOStandard LVCMOS18
	FIXED_IO_mio[31] of IOStandard LVCMOS18
	FIXED_IO_mio[30] of IOStandard LVCMOS18
	FIXED_IO_mio[29] of IOStandard LVCMOS18
	FIXED_IO_mio[28] of IOStandard LVCMOS18
	FIXED_IO_mio[27] of IOStandard HSTL_I_18
	FIXED_IO_mio[26] of IOStandard HSTL_I_18
	FIXED_IO_mio[25] of IOStandard HSTL_I_18
	FIXED_IO_mio[24] of IOStandard HSTL_I_18
	FIXED_IO_mio[23] of IOStandard HSTL_I_18
	FIXED_IO_mio[22] of IOStandard HSTL_I_18
	FIXED_IO_mio[21] of IOStandard HSTL_I_18
	FIXED_IO_mio[20] of IOStandard HSTL_I_18
	FIXED_IO_mio[19] of IOStandard HSTL_I_18
	FIXED_IO_mio[18] of IOStandard HSTL_I_18
	FIXED_IO_mio[17] of IOStandard HSTL_I_18
	FIXED_IO_mio[16] of IOStandard HSTL_I_18
	FIXED_IO_mio[15] of IOStandard LVCMOS33
	FIXED_IO_mio[14] of IOStandard LVCMOS33
	FIXED_IO_mio[13] of IOStandard LVCMOS33
	FIXED_IO_mio[12] of IOStandard LVCMOS33
	FIXED_IO_mio[11] of IOStandard LVCMOS33
	FIXED_IO_mio[10] of IOStandard LVCMOS33
	FIXED_IO_mio[9] of IOStandard LVCMOS33
	FIXED_IO_mio[8] of IOStandard LVCMOS33
	FIXED_IO_mio[7] of IOStandard LVCMOS33
	FIXED_IO_mio[6] of IOStandard LVCMOS33
	FIXED_IO_mio[5] of IOStandard LVCMOS33
	FIXED_IO_mio[4] of IOStandard LVCMOS33
	FIXED_IO_mio[3] of IOStandard LVCMOS33
	FIXED_IO_mio[2] of IOStandard LVCMOS33
	FIXED_IO_mio[1] of IOStandard LVCMOS33
	FIXED_IO_mio[0] of IOStandard LVCMOS33
INFO: [Timing 38-35] Done setting XDC timing constraints.

Phase 1.1.2 IO and Clk Clean Up
Phase 1.1.2 IO and Clk Clean Up | Checksum: 7bb91dd9

Time (s): cpu = 00:00:11 ; elapsed = 00:00:10 . Memory (MB): peak = 1094.770 ; gain = 0.000

Phase 1.1.3 Implementation Feasibility check On IDelay
Phase 1.1.3 Implementation Feasibility check On IDelay | Checksum: 7bb91dd9

Time (s): cpu = 00:00:11 ; elapsed = 00:00:10 . Memory (MB): peak = 1094.770 ; gain = 0.000

Phase 1.1.4 Commit IO Placement
Phase 1.1.4 Commit IO Placement | Checksum: b177c51b

Time (s): cpu = 00:00:11 ; elapsed = 00:00:11 . Memory (MB): peak = 1094.770 ; gain = 0.000
Phase 1.1 IO Placement/ Clock Placement/ Build Placer Device | Checksum: c10cdd49

Time (s): cpu = 00:00:11 ; elapsed = 00:00:11 . Memory (MB): peak = 1094.770 ; gain = 0.000

Phase 1.2 Build Placer Netlist Model

Phase 1.2.1 Place Init Design

Phase 1.2.1.1 Init Lut Pin Assignment
Phase 1.2.1.1 Init Lut Pin Assignment | Checksum: 235f220b3

Time (s): cpu = 00:00:12 ; elapsed = 00:00:12 . Memory (MB): peak = 1094.770 ; gain = 0.000
Phase 1.2.1 Place Init Design | Checksum: 1abb87fb5

Time (s): cpu = 00:00:19 ; elapsed = 00:00:18 . Memory (MB): peak = 1094.770 ; gain = 0.000
Phase 1.2 Build Placer Netlist Model | Checksum: 1abb87fb5

Time (s): cpu = 00:00:19 ; elapsed = 00:00:18 . Memory (MB): peak = 1094.770 ; gain = 0.000

Phase 1.3 Constrain Clocks/Macros

Phase 1.3.1 Constrain Global/Regional Clocks
Phase 1.3.1 Constrain Global/Regional Clocks | Checksum: 1abb87fb5

Time (s): cpu = 00:00:19 ; elapsed = 00:00:18 . Memory (MB): peak = 1094.770 ; gain = 0.000
Phase 1.3 Constrain Clocks/Macros | Checksum: 1abb87fb5

Time (s): cpu = 00:00:19 ; elapsed = 00:00:18 . Memory (MB): peak = 1094.770 ; gain = 0.000
Phase 1 Placer Initialization | Checksum: 1abb87fb5

Time (s): cpu = 00:00:20 ; elapsed = 00:00:18 . Memory (MB): peak = 1094.770 ; gain = 0.000

Phase 2 Global Placement
Phase 2 Global Placement | Checksum: 297624fd4

Time (s): cpu = 00:00:37 ; elapsed = 00:00:30 . Memory (MB): peak = 1094.770 ; gain = 0.000

Phase 3 Detail Placement

Phase 3.1 Commit Multi Column Macros
Phase 3.1 Commit Multi Column Macros | Checksum: 297624fd4

Time (s): cpu = 00:00:38 ; elapsed = 00:00:30 . Memory (MB): peak = 1094.770 ; gain = 0.000

Phase 3.2 Commit Most Macros & LUTRAMs
Phase 3.2 Commit Most Macros & LUTRAMs | Checksum: 1f53f9027

Time (s): cpu = 00:00:44 ; elapsed = 00:00:35 . Memory (MB): peak = 1094.770 ; gain = 0.000

Phase 3.3 Area Swap Optimization
Phase 3.3 Area Swap Optimization | Checksum: 1d56e4588

Time (s): cpu = 00:00:45 ; elapsed = 00:00:35 . Memory (MB): peak = 1094.770 ; gain = 0.000

Phase 3.4 updateClock Trees: DP
Phase 3.4 updateClock Trees: DP | Checksum: 1d56e4588

Time (s): cpu = 00:00:45 ; elapsed = 00:00:35 . Memory (MB): peak = 1094.770 ; gain = 0.000

Phase 3.5 Timing Path Optimizer
Phase 3.5 Timing Path Optimizer | Checksum: 1f420749c

Time (s): cpu = 00:00:46 ; elapsed = 00:00:36 . Memory (MB): peak = 1094.770 ; gain = 0.000

Phase 3.6 Fast Optimization
Phase 3.6 Fast Optimization | Checksum: 1e88808f7

Time (s): cpu = 00:00:46 ; elapsed = 00:00:36 . Memory (MB): peak = 1094.770 ; gain = 0.000

Phase 3.7 Small Shape Detail Placement

Phase 3.7.1 Commit Small Macros and Core Logic

Phase 3.7.1.1 Commit Slice Clusters
Phase 3.7.1.1 Commit Slice Clusters | Checksum: 1b5a9fcd5

Time (s): cpu = 00:00:52 ; elapsed = 00:00:42 . Memory (MB): peak = 1094.770 ; gain = 0.000
Phase 3.7.1 Commit Small Macros and Core Logic | Checksum: 1b5a9fcd5

Time (s): cpu = 00:00:52 ; elapsed = 00:00:42 . Memory (MB): peak = 1094.770 ; gain = 0.000

Phase 3.7.2 Clock Restriction Legalization for Leaf Columns
Phase 3.7.2 Clock Restriction Legalization for Leaf Columns | Checksum: 1b5a9fcd5

Time (s): cpu = 00:00:53 ; elapsed = 00:00:42 . Memory (MB): peak = 1094.770 ; gain = 0.000

Phase 3.7.3 Clock Restriction Legalization for Non-Clock Pins
Phase 3.7.3 Clock Restriction Legalization for Non-Clock Pins | Checksum: 1b5a9fcd5

Time (s): cpu = 00:00:53 ; elapsed = 00:00:42 . Memory (MB): peak = 1094.770 ; gain = 0.000
Phase 3.7 Small Shape Detail Placement | Checksum: 1b5a9fcd5

Time (s): cpu = 00:00:53 ; elapsed = 00:00:42 . Memory (MB): peak = 1094.770 ; gain = 0.000

Phase 3.8 Re-assign LUT pins
Phase 3.8 Re-assign LUT pins | Checksum: 191390f95

Time (s): cpu = 00:00:54 ; elapsed = 00:00:43 . Memory (MB): peak = 1094.770 ; gain = 0.000
Phase 3 Detail Placement | Checksum: 191390f95

Time (s): cpu = 00:00:54 ; elapsed = 00:00:43 . Memory (MB): peak = 1094.770 ; gain = 0.000

Phase 4 Post Placement Optimization and Clean-Up

Phase 4.1 Post Commit Optimization

Phase 4.1.1 callUpdateTimingBeforePCO
Phase 4.1.1 callUpdateTimingBeforePCO | Checksum: 1904f1441

Time (s): cpu = 00:00:59 ; elapsed = 00:00:46 . Memory (MB): peak = 1094.770 ; gain = 0.000

Phase 4.1.2 updateClock Trees: PCOPT
Phase 4.1.2 updateClock Trees: PCOPT | Checksum: 1904f1441

Time (s): cpu = 00:00:59 ; elapsed = 00:00:46 . Memory (MB): peak = 1094.770 ; gain = 0.000

Phase 4.1.3 Post Placement Optimization

Phase 4.1.3.1 PCOPT Shape updates

Phase 4.1.3.1.1 removeOptionalFFsFromShapes
Phase 4.1.3.1.1 removeOptionalFFsFromShapes | Checksum: 1904f1441

Time (s): cpu = 00:00:59 ; elapsed = 00:00:47 . Memory (MB): peak = 1094.770 ; gain = 0.000

Phase 4.1.3.1.2 deleteLutnmShapes

Phase 4.1.3.1.2.1 deleteShapes
Phase 4.1.3.1.2.1 deleteShapes | Checksum: 4c5af350

Time (s): cpu = 00:01:00 ; elapsed = 00:00:47 . Memory (MB): peak = 1094.770 ; gain = 0.000
Phase 4.1.3.1.2 deleteLutnmShapes | Checksum: 4c5af350

Time (s): cpu = 00:01:00 ; elapsed = 00:00:47 . Memory (MB): peak = 1094.770 ; gain = 0.000
Phase 4.1.3.1 PCOPT Shape updates | Checksum: 4c5af350

Time (s): cpu = 00:01:00 ; elapsed = 00:00:47 . Memory (MB): peak = 1094.770 ; gain = 0.000

Phase 4.1.3.2 Post Placement Timing Optimization

Phase 4.1.3.2.1 Restore Best Placement
Phase 4.1.3.2.1 Restore Best Placement | Checksum: 9f2ad37e

Time (s): cpu = 00:01:00 ; elapsed = 00:00:48 . Memory (MB): peak = 1094.770 ; gain = 0.000
INFO: [Place 30-746] Post Placement Timing Summary WNS=0.565. For the most accurate timing information please run report_timing.
Phase 4.1.3.2 Post Placement Timing Optimization | Checksum: 9f2ad37e

Time (s): cpu = 00:01:01 ; elapsed = 00:00:48 . Memory (MB): peak = 1094.770 ; gain = 0.000
Phase 4.1.3 Post Placement Optimization | Checksum: 9f2ad37e

Time (s): cpu = 00:01:01 ; elapsed = 00:00:48 . Memory (MB): peak = 1094.770 ; gain = 0.000
Phase 4.1 Post Commit Optimization | Checksum: 9f2ad37e

Time (s): cpu = 00:01:01 ; elapsed = 00:00:48 . Memory (MB): peak = 1094.770 ; gain = 0.000

Phase 4.2 Sweep Clock Roots: Post-Placement
Phase 4.2 Sweep Clock Roots: Post-Placement | Checksum: 9f2ad37e

Time (s): cpu = 00:01:01 ; elapsed = 00:00:48 . Memory (MB): peak = 1094.770 ; gain = 0.000

Phase 4.3 Post Placement Cleanup
Phase 4.3 Post Placement Cleanup | Checksum: 9f2ad37e

Time (s): cpu = 00:01:01 ; elapsed = 00:00:48 . Memory (MB): peak = 1094.770 ; gain = 0.000

Phase 4.4 Placer Reporting

Phase 4.4.1 Restore STA
Phase 4.4.1 Restore STA | Checksum: 9f2ad37e

Time (s): cpu = 00:01:01 ; elapsed = 00:00:48 . Memory (MB): peak = 1094.770 ; gain = 0.000
Phase 4.4 Placer Reporting | Checksum: 9f2ad37e

Time (s): cpu = 00:01:01 ; elapsed = 00:00:49 . Memory (MB): peak = 1094.770 ; gain = 0.000

Phase 4.5 Final Placement Cleanup
Phase 4.5 Final Placement Cleanup | Checksum: 1286ae497

Time (s): cpu = 00:01:01 ; elapsed = 00:00:49 . Memory (MB): peak = 1094.770 ; gain = 0.000
Phase 4 Post Placement Optimization and Clean-Up | Checksum: 1286ae497

Time (s): cpu = 00:01:01 ; elapsed = 00:00:49 . Memory (MB): peak = 1094.770 ; gain = 0.000
Ending Placer Task | Checksum: bbba25d9

Time (s): cpu = 00:01:01 ; elapsed = 00:00:49 . Memory (MB): peak = 1094.770 ; gain = 0.000
INFO: [Common 17-83] Releasing license: Implementation
43 Infos, 9 Warnings, 0 Critical Warnings and 0 Errors encountered.
place_design completed successfully
place_design: Time (s): cpu = 00:01:05 ; elapsed = 00:00:51 . Memory (MB): peak = 1094.770 ; gain = 0.000
Writing placer database...
Writing XDEF routing.
Writing XDEF routing logical nets.
Writing XDEF routing special nets.
Write XDEF Complete: Time (s): cpu = 00:00:06 ; elapsed = 00:00:04 . Memory (MB): peak = 1094.770 ; gain = 0.000
write_checkpoint: Time (s): cpu = 00:00:09 ; elapsed = 00:00:06 . Memory (MB): peak = 1094.770 ; gain = 0.000
report_io: Time (s): cpu = 00:00:00 ; elapsed = 00:00:00.141 . Memory (MB): peak = 1094.770 ; gain = 0.000
report_utilization: Time (s): cpu = 00:00:00 ; elapsed = 00:00:00.281 . Memory (MB): peak = 1094.770 ; gain = 0.000
report_control_sets: Time (s): cpu = 00:00:00 ; elapsed = 00:00:00.078 . Memory (MB): peak = 1094.770 ; gain = 0.000
Command: route_design
Attempting to get a license for feature 'Implementation' and/or device 'xc7z010'
INFO: [Common 17-349] Got license for feature 'Implementation' and/or device 'xc7z010'
Running DRC as a precondition to command route_design
INFO: [DRC 23-27] Running DRC with 2 threads
WARNING: [DRC 23-20] Rule violation (PLIO-7) Placement Constraints Check for IO constraints - An IO Bus FIXED_IO_mio[53:0] with more than one IO standard is found. Components associated with this bus are: LVCMOS33 (FIXED_IO_mio[15], FIXED_IO_mio[14], FIXED_IO_mio[13], FIXED_IO_mio[12], FIXED_IO_mio[11], FIXED_IO_mio[10], FIXED_IO_mio[9], FIXED_IO_mio[8], FIXED_IO_mio[7], FIXED_IO_mio[6], FIXED_IO_mio[5], FIXED_IO_mio[4], FIXED_IO_mio[3], FIXED_IO_mio[2], FIXED_IO_mio[1] (the first 15 of 16 listed)); LVCMOS18 (FIXED_IO_mio[53], FIXED_IO_mio[52], FIXED_IO_mio[51], FIXED_IO_mio[50], FIXED_IO_mio[49], FIXED_IO_mio[48], FIXED_IO_mio[47], FIXED_IO_mio[46], FIXED_IO_mio[45], FIXED_IO_mio[44], FIXED_IO_mio[43], FIXED_IO_mio[42], FIXED_IO_mio[41], FIXED_IO_mio[40], FIXED_IO_mio[39] (the first 15 of 26 listed)); HSTL_I_18 (FIXED_IO_mio[27], FIXED_IO_mio[26], FIXED_IO_mio[25], FIXED_IO_mio[24], FIXED_IO_mio[23], FIXED_IO_mio[22], FIXED_IO_mio[21], FIXED_IO_mio[20], FIXED_IO_mio[19], FIXED_IO_mio[18], FIXED_IO_mio[17], FIXED_IO_mio[16]); 
INFO: [Vivado_Tcl 4-198] DRC finished with 0 Errors, 1 Warnings
INFO: [Vivado_Tcl 4-199] Please refer to the DRC report (report_drc) for more information.


Starting Routing Task
INFO: [Route 35-254] Multithreading enabled for route_design using a maximum of 2 CPUs
Checksum: PlaceDB: 2765c776 ConstDB: 0 ShapeSum: 94545e63 RouteDB: 0

Phase 1 Build RT Design
Phase 1 Build RT Design | Checksum: eb5ef9ee

Time (s): cpu = 00:00:26 ; elapsed = 00:00:22 . Memory (MB): peak = 1094.770 ; gain = 0.000

Phase 2 Router Initialization

Phase 2.1 Create Timer
Phase 2.1 Create Timer | Checksum: eb5ef9ee

Time (s): cpu = 00:00:27 ; elapsed = 00:00:22 . Memory (MB): peak = 1094.770 ; gain = 0.000

Phase 2.2 Pre Route Cleanup
Phase 2.2 Pre Route Cleanup | Checksum: eb5ef9ee

Time (s): cpu = 00:00:27 ; elapsed = 00:00:23 . Memory (MB): peak = 1094.770 ; gain = 0.000
 Number of Nodes with overlaps = 0

Phase 2.3 Update Timing
Phase 2.3 Update Timing | Checksum: cb767944

Time (s): cpu = 00:00:36 ; elapsed = 00:00:29 . Memory (MB): peak = 1097.496 ; gain = 2.727
INFO: [Route 35-416] Intermediate Timing Summary | WNS=0.632  | TNS=0.000  | WHS=-0.685 | THS=-244.182|

Phase 2 Router Initialization | Checksum: 745d8943

Time (s): cpu = 00:00:41 ; elapsed = 00:00:31 . Memory (MB): peak = 1101.793 ; gain = 7.023

Phase 3 Initial Routing
Phase 3 Initial Routing | Checksum: 145825e1e

Time (s): cpu = 00:00:44 ; elapsed = 00:00:33 . Memory (MB): peak = 1101.793 ; gain = 7.023

Phase 4 Rip-up And Reroute

Phase 4.1 Global Iteration 0
 Number of Nodes with overlaps = 1519
 Number of Nodes with overlaps = 172
 Number of Nodes with overlaps = 40
 Number of Nodes with overlaps = 8
 Number of Nodes with overlaps = 3
 Number of Nodes with overlaps = 1
 Number of Nodes with overlaps = 0

Phase 4.1.1 Update Timing
Phase 4.1.1 Update Timing | Checksum: 15b7a097b

Time (s): cpu = 00:00:57 ; elapsed = 00:00:41 . Memory (MB): peak = 1101.793 ; gain = 7.023
INFO: [Route 35-416] Intermediate Timing Summary | WNS=0.176  | TNS=0.000  | WHS=N/A    | THS=N/A    |

Phase 4.1 Global Iteration 0 | Checksum: 12f19152d

Time (s): cpu = 00:00:57 ; elapsed = 00:00:41 . Memory (MB): peak = 1101.793 ; gain = 7.023

Phase 4.2 Global Iteration 1
 Number of Nodes with overlaps = 1
 Number of Nodes with overlaps = 0

Phase 4.2.1 Update Timing
Phase 4.2.1 Update Timing | Checksum: 171258cc7

Time (s): cpu = 00:00:57 ; elapsed = 00:00:41 . Memory (MB): peak = 1101.793 ; gain = 7.023
INFO: [Route 35-416] Intermediate Timing Summary | WNS=0.176  | TNS=0.000  | WHS=N/A    | THS=N/A    |

Phase 4.2 Global Iteration 1 | Checksum: 19bc6ea0c

Time (s): cpu = 00:00:58 ; elapsed = 00:00:41 . Memory (MB): peak = 1101.793 ; gain = 7.023
Phase 4 Rip-up And Reroute | Checksum: 19bc6ea0c

Time (s): cpu = 00:00:58 ; elapsed = 00:00:41 . Memory (MB): peak = 1101.793 ; gain = 7.023

Phase 5 Delay and Skew Optimization

Phase 5.1 Delay CleanUp

Phase 5.1.1 Update Timing
Phase 5.1.1 Update Timing | Checksum: 199189631

Time (s): cpu = 00:00:59 ; elapsed = 00:00:42 . Memory (MB): peak = 1101.793 ; gain = 7.023
INFO: [Route 35-416] Intermediate Timing Summary | WNS=0.190  | TNS=0.000  | WHS=N/A    | THS=N/A    |

Phase 5.1 Delay CleanUp | Checksum: 199189631

Time (s): cpu = 00:00:59 ; elapsed = 00:00:42 . Memory (MB): peak = 1101.793 ; gain = 7.023

Phase 5.2 Clock Skew Optimization
Phase 5.2 Clock Skew Optimization | Checksum: 199189631

Time (s): cpu = 00:00:59 ; elapsed = 00:00:42 . Memory (MB): peak = 1101.793 ; gain = 7.023
Phase 5 Delay and Skew Optimization | Checksum: 199189631

Time (s): cpu = 00:00:59 ; elapsed = 00:00:42 . Memory (MB): peak = 1101.793 ; gain = 7.023

Phase 6 Post Hold Fix

Phase 6.1 Update Timing
Phase 6.1 Update Timing | Checksum: 17be741a9

Time (s): cpu = 00:01:01 ; elapsed = 00:00:43 . Memory (MB): peak = 1101.793 ; gain = 7.023
INFO: [Route 35-416] Intermediate Timing Summary | WNS=0.190  | TNS=0.000  | WHS=0.014  | THS=0.000  |

Phase 6 Post Hold Fix | Checksum: 178c231e7

Time (s): cpu = 00:01:01 ; elapsed = 00:00:43 . Memory (MB): peak = 1101.793 ; gain = 7.023

Phase 7 Route finalize

Router Utilization Summary
  Global Vertical Routing Utilization    = 5.64766 %
  Global Horizontal Routing Utilization  = 8.10271 %
  Routable Net Status*
  *Does not include unroutable nets such as driverless and loadless.
  Run report_route_status for detailed report.
  Number of Failed Nets               = 0
  Number of Unrouted Nets             = 0
  Number of Partially Routed Nets     = 0
  Number of Node Overlaps             = 0

Phase 7 Route finalize | Checksum: 13cc2f4d6

Time (s): cpu = 00:01:01 ; elapsed = 00:00:43 . Memory (MB): peak = 1101.793 ; gain = 7.023

Phase 8 Verifying routed nets

 Verification completed successfully
Phase 8 Verifying routed nets | Checksum: 13cc2f4d6

Time (s): cpu = 00:01:01 ; elapsed = 00:00:43 . Memory (MB): peak = 1101.793 ; gain = 7.023

Phase 9 Depositing Routes
Phase 9 Depositing Routes | Checksum: 138a919fd

Time (s): cpu = 00:01:02 ; elapsed = 00:00:45 . Memory (MB): peak = 1101.793 ; gain = 7.023

Phase 10 Post Router Timing
INFO: [Route 35-57] Estimated Timing Summary | WNS=0.190  | TNS=0.000  | WHS=0.014  | THS=0.000  |

INFO: [Route 35-327] The final timing numbers are based on the router estimated timing analysis. For a complete and accurate timing signoff, please run report_timing_summary.
Phase 10 Post Router Timing | Checksum: 138a919fd

Time (s): cpu = 00:01:02 ; elapsed = 00:00:45 . Memory (MB): peak = 1101.793 ; gain = 7.023
INFO: [Route 35-16] Router Completed Successfully

Time (s): cpu = 00:01:02 ; elapsed = 00:00:45 . Memory (MB): peak = 1101.793 ; gain = 7.023

Routing Is Done.
INFO: [Common 17-83] Releasing license: Implementation
57 Infos, 10 Warnings, 0 Critical Warnings and 0 Errors encountered.
route_design completed successfully
route_design: Time (s): cpu = 00:01:05 ; elapsed = 00:00:47 . Memory (MB): peak = 1101.793 ; gain = 7.023
Writing placer database...
Writing XDEF routing.
Writing XDEF routing logical nets.
Writing XDEF routing special nets.
Write XDEF Complete: Time (s): cpu = 00:00:08 ; elapsed = 00:00:05 . Memory (MB): peak = 1101.793 ; gain = 0.000
write_checkpoint: Time (s): cpu = 00:00:10 ; elapsed = 00:00:06 . Memory (MB): peak = 1101.793 ; gain = 0.000
INFO: [DRC 23-27] Running DRC with 2 threads
INFO: [Coretcl 2-168] The results of DRC are in file C:/Users/Mike/Documents/osiris-hdl/projects/zybo_receiver/zybo_receiver.runs/impl_1/zybo_receiver_wrapper_drc_routed.rpt.
INFO: [Timing 38-91] UpdateTimingParams: Speed grade: -1, Delay Type: min_max.
INFO: [Timing 38-191] Multithreading enabled for timing update using a maximum of 2 CPUs
CRITICAL WARNING: [Timing 38-282] The design failed to meet the timing requirements. Please see the timing summary report for details on the timing violations.
report_timing_summary: Time (s): cpu = 00:00:09 ; elapsed = 00:00:06 . Memory (MB): peak = 1101.793 ; gain = 0.000
Running Vector-less Activity Propagation...

Finished Running Vector-less Activity Propagation
report_power: Time (s): cpu = 00:00:06 ; elapsed = 00:00:05 . Memory (MB): peak = 1128.988 ; gain = 27.195
Attempting to get a license for feature 'Implementation' and/or device 'xc7z010'
INFO: [Common 17-349] Got license for feature 'Implementation' and/or device 'xc7z010'
Running DRC as a precondition to command write_bitstream
INFO: [DRC 23-27] Running DRC with 2 threads
INFO: [Vivado 12-3199] DRC finished with 0 Errors
INFO: [Vivado 12-3200] Please refer to the DRC report (report_drc) for more information.
Loading data files...
Loading site data...
Loading route data...
Processing options...
Creating bitmap...
Creating bitstream...
Writing bitstream ./zybo_receiver_wrapper.bit...
INFO: [Vivado 12-1842] Bitgen Completed Successfully.
INFO: [Common 17-83] Releasing license: Implementation
write_bitstream: Time (s): cpu = 00:00:35 ; elapsed = 00:00:36 . Memory (MB): peak = 1463.871 ; gain = 334.883
INFO: [Common 17-206] Exiting Vivado at Mon Apr 04 19:43:51 2016...
