19:46:56 INFO  : Launching XSDB server: xsdb.bat C:/Xilinx/SDK/2015.4/scripts/xsdb/xsdb/xsdb-server.tcl
19:47:05 INFO  : XSDB server has started successfully.
19:47:19 INFO  : Processing command line option -hwspec C:/Users/Mike/Documents/osiris-hdl/projects/zybo_receiver/zybo_receiver.sdk/zybo_receiver_wrapper.hdf.
19:56:24 INFO  : Connected to target on host '127.0.0.1' and port '3121'.
19:56:41 INFO  : Connected to target on host '127.0.0.1' and port '3121'.
19:56:41 INFO  : 'targets -set -filter {jtag_cable_name =~ "Digilent Zybo 210279772162A" && level==0} -index 1' command is executed.
19:56:43 INFO  : FPGA configured successfully with bitstream "C:/Users/Mike/Documents/osiris-hdl/projects/zybo_receiver/zybo_receiver.sdk/zybo_receiver_wrapper_hw_platform_0/zybo_receiver_wrapper.bit"
20:27:41 INFO  : Connected to target on host '127.0.0.1' and port '3121'.
20:28:48 ERROR : Unexpected error while constructing Software Platform project for : zybe_receiver_bsp
20:28:55 ERROR : Unexpected error while constructing Software Platform project for : zybe_receiver_bsp
20:28:56 ERROR : Unexpected error while constructing Software Platform project for : zybe_receiver_bsp
20:29:16 INFO  : Launching XSDB server: xsdb.bat C:/Xilinx/SDK/2015.4/scripts/xsdb/xsdb/xsdb-server.tcl
20:29:17 INFO  : XSDB server has started successfully.
20:29:20 INFO  : Processing command line option -hwspec C:/Users/Mike/Documents/osiris-hdl/projects/zybo_receiver/zybo_receiver.sdk/zybo_receiver_wrapper.hdf.
20:29:45 INFO  : Connected to target on host '127.0.0.1' and port '3121'.
20:29:52 INFO  : Connected to target on host '127.0.0.1' and port '3121'.
20:29:53 INFO  : 'targets -set -filter {jtag_cable_name =~ "Digilent Zybo 210279772162A" && level==0} -index 1' command is executed.
20:29:54 INFO  : FPGA configured successfully with bitstream "C:/Users/Mike/Documents/osiris-hdl/projects/zybo_receiver/zybo_receiver.sdk/zybo_receiver_wrapper_hw_platform_1/zybo_receiver_wrapper.bit"
20:32:33 ERROR : Unexpected error while parsing XMD response ?: com.google.gson.JsonSyntaxException: com.google.gson.stream.MalformedJsonException: invalid number or unquoted string near 
20:33:03 INFO  : Launching XSDB server: xsdb.bat C:/Xilinx/SDK/2015.4/scripts/xsdb/xsdb/xsdb-server.tcl
20:33:05 INFO  : XSDB server has started successfully.
20:33:05 INFO  : Processing command line option -hwspec C:/Users/Mike/Documents/osiris-hdl/projects/zybo_receiver/zybo_receiver.sdk/zybo_receiver_wrapper.hdf.
20:36:05 INFO  : Connected to target on host '127.0.0.1' and port '3121'.
20:36:06 INFO  : 'targets -set -filter {jtag_cable_name =~ "Digilent Zybo 210279772162A" && level==0} -index 1' command is executed.
20:36:08 INFO  : FPGA configured successfully with bitstream "C:/Users/Mike/Documents/osiris-hdl/projects/zybo_receiver/zybo_receiver.sdk/zybo_receiver_wrapper_hw_platform_0/zybo_receiver_wrapper.bit"
20:36:33 INFO  : ps7_init is completed.
20:36:33 INFO  : ps7_post_config is completed.
20:36:34 INFO  : Processor reset is completed for ps7_cortexa9_0
20:40:44 INFO  : ps7_init is completed.
20:40:44 INFO  : ps7_post_config is completed.
20:40:44 INFO  : Processor reset is completed for ps7_cortexa9_0
20:41:34 ERROR : Unexpected error while launching program.
java.lang.RuntimeException: Error in Resetting Target

    Could not stop the processor after reset


	at com.xilinx.sdk.targetmanager.internal.TM.doProcessorReset(TM.java:1011)
	at com.xilinx.sdk.debug.core.XilinxAppLaunchConfigurationDelegate.runTargetSetup(XilinxAppLaunchConfigurationDelegate.java:534)
	at com.xilinx.sdk.debug.core.XilinxAppLaunchConfigurationDelegate.debugApplication(XilinxAppLaunchConfigurationDelegate.java:701)
	at com.xilinx.sdk.debug.core.XilinxAppLaunchConfigurationDelegate.launch(XilinxAppLaunchConfigurationDelegate.java:311)
	at com.xilinx.sdk.debug.ui.XilinxAppLaunchDelegateWrapper.launch(XilinxAppLaunchDelegateWrapper.java:31)
	at org.eclipse.debug.internal.core.LaunchConfiguration.launch(LaunchConfiguration.java:858)
	at org.eclipse.debug.internal.core.LaunchConfiguration.launch(LaunchConfiguration.java:707)
	at org.eclipse.debug.internal.ui.DebugUIPlugin.buildAndLaunch(DebugUIPlugin.java:1018)
	at org.eclipse.debug.internal.ui.DebugUIPlugin$8.run(DebugUIPlugin.java:1222)
	at org.eclipse.core.internal.jobs.Worker.run(Worker.java:53)
20:42:08 INFO  : Connected to target on host '127.0.0.1' and port '3121'.
20:42:09 INFO  : 'targets -set -filter {jtag_cable_name =~ "Digilent Zybo 210279772162A" && level==0} -index 1' command is executed.
20:42:10 INFO  : FPGA configured successfully with bitstream "C:/Users/Mike/Documents/osiris-hdl/projects/zybo_receiver/zybo_receiver.sdk/zybo_receiver_wrapper_hw_platform_0/zybo_receiver_wrapper.bit"
20:42:23 ERROR : Unexpected error while launching program.
java.lang.RuntimeException: Error in Resetting Target

    Could not stop the processor after reset


	at com.xilinx.sdk.targetmanager.internal.TM.doProcessorReset(TM.java:1011)
	at com.xilinx.sdk.debug.core.XilinxAppLaunchConfigurationDelegate.runTargetSetup(XilinxAppLaunchConfigurationDelegate.java:534)
	at com.xilinx.sdk.debug.core.XilinxAppLaunchConfigurationDelegate.debugApplication(XilinxAppLaunchConfigurationDelegate.java:701)
	at com.xilinx.sdk.debug.core.XilinxAppLaunchConfigurationDelegate.launch(XilinxAppLaunchConfigurationDelegate.java:311)
	at com.xilinx.sdk.debug.ui.XilinxAppLaunchDelegateWrapper.launch(XilinxAppLaunchDelegateWrapper.java:31)
	at org.eclipse.debug.internal.core.LaunchConfiguration.launch(LaunchConfiguration.java:858)
	at org.eclipse.debug.internal.core.LaunchConfiguration.launch(LaunchConfiguration.java:707)
	at org.eclipse.debug.internal.ui.DebugUIPlugin.buildAndLaunch(DebugUIPlugin.java:1018)
	at org.eclipse.debug.internal.ui.DebugUIPlugin$8.run(DebugUIPlugin.java:1222)
	at org.eclipse.core.internal.jobs.Worker.run(Worker.java:53)
20:42:50 ERROR : Unexpected error while launching program.
java.lang.RuntimeException: Error in Resetting Target

    Could not stop the processor after reset


	at com.xilinx.sdk.targetmanager.internal.TM.doProcessorReset(TM.java:1011)
	at com.xilinx.sdk.debug.core.XilinxAppLaunchConfigurationDelegate.runTargetSetup(XilinxAppLaunchConfigurationDelegate.java:534)
	at com.xilinx.sdk.debug.core.XilinxAppLaunchConfigurationDelegate.debugApplication(XilinxAppLaunchConfigurationDelegate.java:701)
	at com.xilinx.sdk.debug.core.XilinxAppLaunchConfigurationDelegate.launch(XilinxAppLaunchConfigurationDelegate.java:311)
	at com.xilinx.sdk.debug.ui.XilinxAppLaunchDelegateWrapper.launch(XilinxAppLaunchDelegateWrapper.java:31)
	at org.eclipse.debug.internal.core.LaunchConfiguration.launch(LaunchConfiguration.java:858)
	at org.eclipse.debug.internal.core.LaunchConfiguration.launch(LaunchConfiguration.java:707)
	at org.eclipse.debug.internal.ui.DebugUIPlugin.buildAndLaunch(DebugUIPlugin.java:1018)
	at org.eclipse.debug.internal.ui.DebugUIPlugin$8.run(DebugUIPlugin.java:1222)
	at org.eclipse.core.internal.jobs.Worker.run(Worker.java:53)
20:43:08 INFO  : Connected to target on host '127.0.0.1' and port '3121'.
20:43:09 INFO  : 'targets -set -filter {jtag_cable_name =~ "Digilent Zybo 210279772162A" && level==0} -index 1' command is executed.
20:43:10 INFO  : FPGA configured successfully with bitstream "C:/Users/Mike/Documents/osiris-hdl/projects/zybo_receiver/zybo_receiver.sdk/zybo_receiver_wrapper_hw_platform_0/zybo_receiver_wrapper.bit"
20:43:18 INFO  : Connected to target on host '127.0.0.1' and port '3121'.
20:43:19 INFO  : 'targets -set -filter {jtag_cable_name =~ "Digilent Zybo 210279772162A" && level==0} -index 1' command is executed.
20:43:21 INFO  : FPGA configured successfully with bitstream "C:/Users/Mike/Documents/osiris-hdl/projects/zybo_receiver/zybo_receiver.sdk/zybo_receiver_wrapper_hw_platform_0/zybo_receiver_wrapper.bit"
20:43:29 ERROR : Unexpected error while launching program.
java.lang.RuntimeException: Error in Resetting Target

    Could not stop the processor after reset


	at com.xilinx.sdk.targetmanager.internal.TM.doProcessorReset(TM.java:1011)
	at com.xilinx.sdk.debug.core.XilinxAppLaunchConfigurationDelegate.runTargetSetup(XilinxAppLaunchConfigurationDelegate.java:534)
	at com.xilinx.sdk.debug.core.XilinxAppLaunchConfigurationDelegate.debugApplication(XilinxAppLaunchConfigurationDelegate.java:701)
	at com.xilinx.sdk.debug.core.XilinxAppLaunchConfigurationDelegate.launch(XilinxAppLaunchConfigurationDelegate.java:311)
	at com.xilinx.sdk.debug.ui.XilinxAppLaunchDelegateWrapper.launch(XilinxAppLaunchDelegateWrapper.java:31)
	at org.eclipse.debug.internal.core.LaunchConfiguration.launch(LaunchConfiguration.java:858)
	at org.eclipse.debug.internal.core.LaunchConfiguration.launch(LaunchConfiguration.java:707)
	at org.eclipse.debug.internal.ui.DebugUIPlugin.buildAndLaunch(DebugUIPlugin.java:1018)
	at org.eclipse.debug.internal.ui.DebugUIPlugin$8.run(DebugUIPlugin.java:1222)
	at org.eclipse.core.internal.jobs.Worker.run(Worker.java:53)
20:46:59 INFO  : Connected to target on host '127.0.0.1' and port '3121'.
20:47:01 INFO  : 'targets -set -filter {jtag_cable_name =~ "Digilent Zybo 210279772162A" && level==0} -index 1' command is executed.
20:47:02 INFO  : FPGA configured successfully with bitstream "C:/Users/Mike/Documents/osiris-hdl/projects/zybo_receiver/zybo_receiver.sdk/zybo_receiver_wrapper_hw_platform_0/zybo_receiver_wrapper.bit"
20:47:17 ERROR : Unexpected error while launching program.
java.lang.RuntimeException: Error in Resetting Target

    Could not stop the processor after reset


	at com.xilinx.sdk.targetmanager.internal.TM.doProcessorReset(TM.java:1011)
	at com.xilinx.sdk.debug.core.XilinxAppLaunchConfigurationDelegate.runTargetSetup(XilinxAppLaunchConfigurationDelegate.java:534)
	at com.xilinx.sdk.debug.core.XilinxAppLaunchConfigurationDelegate.debugApplication(XilinxAppLaunchConfigurationDelegate.java:701)
	at com.xilinx.sdk.debug.core.XilinxAppLaunchConfigurationDelegate.launch(XilinxAppLaunchConfigurationDelegate.java:311)
	at com.xilinx.sdk.debug.ui.XilinxAppLaunchDelegateWrapper.launch(XilinxAppLaunchDelegateWrapper.java:31)
	at org.eclipse.debug.internal.core.LaunchConfiguration.launch(LaunchConfiguration.java:858)
	at org.eclipse.debug.internal.core.LaunchConfiguration.launch(LaunchConfiguration.java:707)
	at org.eclipse.debug.internal.ui.DebugUIPlugin.buildAndLaunch(DebugUIPlugin.java:1018)
	at org.eclipse.debug.internal.ui.DebugUIPlugin$8.run(DebugUIPlugin.java:1222)
	at org.eclipse.core.internal.jobs.Worker.run(Worker.java:53)
20:47:32 ERROR : Unexpected error while parsing XMD response ?: com.google.gson.JsonSyntaxException: com.google.gson.stream.MalformedJsonException: invalid number or unquoted string near 
20:48:45 INFO  : Launching XSDB server: xsdb.bat C:/Xilinx/SDK/2015.4/scripts/xsdb/xsdb/xsdb-server.tcl
20:48:48 INFO  : XSDB server has started successfully.
20:48:48 INFO  : Processing command line option -hwspec C:/Users/Mike/Documents/osiris-hdl/projects/zybo_receiver/zybo_receiver.sdk/zybo_receiver_wrapper.hdf.
20:48:48 INFO  : Checking for hwspec changes in the project zybo_receiver_wrapper_hw_platform_0.
20:49:03 INFO  : Connected to target on host '127.0.0.1' and port '3121'.
20:49:04 INFO  : 'targets -set -filter {jtag_cable_name =~ "Digilent Zybo 210279772162A" && level==0} -index 1' command is executed.
20:49:06 INFO  : FPGA configured successfully with bitstream "C:/Users/Mike/Documents/osiris-hdl/projects/zybo_receiver/zybo_receiver.sdk/zybo_receiver_wrapper_hw_platform_0/zybo_receiver_wrapper.bit"
20:49:19 ERROR : Unexpected error while launching program.
java.lang.RuntimeException: Error in Resetting Target

    Could not stop the processor after reset


	at com.xilinx.sdk.targetmanager.internal.TM.doProcessorReset(TM.java:1011)
	at com.xilinx.sdk.debug.core.XilinxAppLaunchConfigurationDelegate.runTargetSetup(XilinxAppLaunchConfigurationDelegate.java:534)
	at com.xilinx.sdk.debug.core.XilinxAppLaunchConfigurationDelegate.debugApplication(XilinxAppLaunchConfigurationDelegate.java:701)
	at com.xilinx.sdk.debug.core.XilinxAppLaunchConfigurationDelegate.launch(XilinxAppLaunchConfigurationDelegate.java:311)
	at com.xilinx.sdk.debug.ui.XilinxAppLaunchDelegateWrapper.launch(XilinxAppLaunchDelegateWrapper.java:31)
	at org.eclipse.debug.internal.core.LaunchConfiguration.launch(LaunchConfiguration.java:858)
	at org.eclipse.debug.internal.core.LaunchConfiguration.launch(LaunchConfiguration.java:707)
	at org.eclipse.debug.internal.ui.DebugUIPlugin.buildAndLaunch(DebugUIPlugin.java:1018)
	at org.eclipse.debug.internal.ui.DebugUIPlugin$8.run(DebugUIPlugin.java:1222)
	at org.eclipse.core.internal.jobs.Worker.run(Worker.java:53)
20:49:39 ERROR : Unexpected error while launching program.
java.lang.RuntimeException: Error in Resetting Target

    Could not stop the processor after reset


	at com.xilinx.sdk.targetmanager.internal.TM.doProcessorReset(TM.java:1011)
	at com.xilinx.sdk.debug.core.XilinxAppLaunchConfigurationDelegate.runTargetSetup(XilinxAppLaunchConfigurationDelegate.java:534)
	at com.xilinx.sdk.debug.core.XilinxAppLaunchConfigurationDelegate.debugApplication(XilinxAppLaunchConfigurationDelegate.java:701)
	at com.xilinx.sdk.debug.core.XilinxAppLaunchConfigurationDelegate.launch(XilinxAppLaunchConfigurationDelegate.java:311)
	at com.xilinx.sdk.debug.ui.XilinxAppLaunchDelegateWrapper.launch(XilinxAppLaunchDelegateWrapper.java:31)
	at org.eclipse.debug.internal.core.LaunchConfiguration.launch(LaunchConfiguration.java:858)
	at org.eclipse.debug.internal.core.LaunchConfiguration.launch(LaunchConfiguration.java:707)
	at org.eclipse.debug.internal.ui.DebugUIPlugin.buildAndLaunch(DebugUIPlugin.java:1018)
	at org.eclipse.debug.internal.ui.DebugUIPlugin$8.run(DebugUIPlugin.java:1222)
	at org.eclipse.core.internal.jobs.Worker.run(Worker.java:53)
20:50:01 ERROR : Unexpected error while launching program.
java.lang.RuntimeException: Error in Resetting Target

    Could not stop the processor after reset


	at com.xilinx.sdk.targetmanager.internal.TM.doProcessorReset(TM.java:1011)
	at com.xilinx.sdk.debug.core.XilinxAppLaunchConfigurationDelegate.runTargetSetup(XilinxAppLaunchConfigurationDelegate.java:534)
	at com.xilinx.sdk.debug.core.XilinxAppLaunchConfigurationDelegate.debugApplication(XilinxAppLaunchConfigurationDelegate.java:701)
	at com.xilinx.sdk.debug.core.XilinxAppLaunchConfigurationDelegate.launch(XilinxAppLaunchConfigurationDelegate.java:311)
	at com.xilinx.sdk.debug.ui.XilinxAppLaunchDelegateWrapper.launch(XilinxAppLaunchDelegateWrapper.java:31)
	at org.eclipse.debug.internal.core.LaunchConfiguration.launch(LaunchConfiguration.java:858)
	at org.eclipse.debug.internal.core.LaunchConfiguration.launch(LaunchConfiguration.java:707)
	at org.eclipse.debug.internal.ui.DebugUIPlugin.buildAndLaunch(DebugUIPlugin.java:1018)
	at org.eclipse.debug.internal.ui.DebugUIPlugin$8.run(DebugUIPlugin.java:1222)
	at org.eclipse.core.internal.jobs.Worker.run(Worker.java:53)
20:50:54 INFO  : Connected to target on host '127.0.0.1' and port '3121'.
20:50:55 INFO  : 'targets -set -filter {jtag_cable_name =~ "Digilent Zybo 210279772162A" && level==0} -index 1' command is executed.
20:50:56 INFO  : FPGA configured successfully with bitstream "C:/Users/Mike/Documents/osiris-hdl/projects/zybo_receiver/zybo_receiver.sdk/zybo_receiver_wrapper_hw_platform_0/zybo_receiver_wrapper.bit"
20:51:11 ERROR : Unexpected error while launching program.
java.lang.RuntimeException: Error in Resetting Target

    Could not stop the processor after reset


	at com.xilinx.sdk.targetmanager.internal.TM.doProcessorReset(TM.java:1011)
	at com.xilinx.sdk.debug.core.XilinxAppLaunchConfigurationDelegate.runTargetSetup(XilinxAppLaunchConfigurationDelegate.java:534)
	at com.xilinx.sdk.debug.core.XilinxAppLaunchConfigurationDelegate.debugApplication(XilinxAppLaunchConfigurationDelegate.java:701)
	at com.xilinx.sdk.debug.core.XilinxAppLaunchConfigurationDelegate.launch(XilinxAppLaunchConfigurationDelegate.java:311)
	at com.xilinx.sdk.debug.ui.XilinxAppLaunchDelegateWrapper.launch(XilinxAppLaunchDelegateWrapper.java:31)
	at org.eclipse.debug.internal.core.LaunchConfiguration.launch(LaunchConfiguration.java:858)
	at org.eclipse.debug.internal.core.LaunchConfiguration.launch(LaunchConfiguration.java:707)
	at org.eclipse.debug.internal.ui.DebugUIPlugin.buildAndLaunch(DebugUIPlugin.java:1018)
	at org.eclipse.debug.internal.ui.DebugUIPlugin$8.run(DebugUIPlugin.java:1222)
	at org.eclipse.core.internal.jobs.Worker.run(Worker.java:53)
20:51:21 ERROR : Unexpected error while launching program.
java.lang.RuntimeException: Error in Resetting Target

    Could not stop the processor after reset


	at com.xilinx.sdk.targetmanager.internal.TM.doProcessorReset(TM.java:1011)
	at com.xilinx.sdk.debug.core.XilinxAppLaunchConfigurationDelegate.runTargetSetup(XilinxAppLaunchConfigurationDelegate.java:534)
	at com.xilinx.sdk.debug.core.XilinxAppLaunchConfigurationDelegate.runApplication(XilinxAppLaunchConfigurationDelegate.java:616)
	at com.xilinx.sdk.debug.core.XilinxAppLaunchConfigurationDelegate.launch(XilinxAppLaunchConfigurationDelegate.java:309)
	at com.xilinx.sdk.debug.ui.XilinxAppLaunchDelegateWrapper.launch(XilinxAppLaunchDelegateWrapper.java:31)
	at org.eclipse.debug.internal.core.LaunchConfiguration.launch(LaunchConfiguration.java:858)
	at org.eclipse.debug.internal.core.LaunchConfiguration.launch(LaunchConfiguration.java:707)
	at org.eclipse.debug.internal.ui.DebugUIPlugin.buildAndLaunch(DebugUIPlugin.java:1018)
	at org.eclipse.debug.internal.ui.DebugUIPlugin$8.run(DebugUIPlugin.java:1222)
	at org.eclipse.core.internal.jobs.Worker.run(Worker.java:53)
20:51:38 INFO  : Connected to target on host '127.0.0.1' and port '3121'.
20:51:39 INFO  : 'targets -set -filter {jtag_cable_name =~ "Digilent Zybo 210279772162A" && level==0} -index 1' command is executed.
20:51:40 INFO  : FPGA configured successfully with bitstream "C:/Users/Mike/Documents/osiris-hdl/projects/zybo_receiver/zybo_receiver.sdk/zybo_receiver_wrapper_hw_platform_0/zybo_receiver_wrapper.bit"
20:51:48 ERROR : Unexpected error while launching program.
java.lang.RuntimeException: Error in Resetting Target

    Could not stop the processor after reset


	at com.xilinx.sdk.targetmanager.internal.TM.doProcessorReset(TM.java:1011)
	at com.xilinx.sdk.debug.core.XilinxAppLaunchConfigurationDelegate.runTargetSetup(XilinxAppLaunchConfigurationDelegate.java:534)
	at com.xilinx.sdk.debug.core.XilinxAppLaunchConfigurationDelegate.runApplication(XilinxAppLaunchConfigurationDelegate.java:616)
	at com.xilinx.sdk.debug.core.XilinxAppLaunchConfigurationDelegate.launch(XilinxAppLaunchConfigurationDelegate.java:309)
	at com.xilinx.sdk.debug.ui.XilinxAppLaunchDelegateWrapper.launch(XilinxAppLaunchDelegateWrapper.java:31)
	at org.eclipse.debug.internal.core.LaunchConfiguration.launch(LaunchConfiguration.java:858)
	at org.eclipse.debug.internal.core.LaunchConfiguration.launch(LaunchConfiguration.java:707)
	at org.eclipse.debug.internal.ui.DebugUIPlugin.buildAndLaunch(DebugUIPlugin.java:1018)
	at org.eclipse.debug.internal.ui.DebugUIPlugin$8.run(DebugUIPlugin.java:1222)
	at org.eclipse.core.internal.jobs.Worker.run(Worker.java:53)
20:52:07 INFO  : Connected to target on host '127.0.0.1' and port '3121'.
20:52:08 INFO  : 'targets -set -filter {jtag_cable_name =~ "Digilent Zybo 210279772162A" && level==0} -index 1' command is executed.
20:52:09 INFO  : FPGA configured successfully with bitstream "C:/Users/Mike/Documents/osiris-hdl/projects/zybo_receiver/zybo_receiver.sdk/zybo_receiver_wrapper_hw_platform_0/zybo_receiver_wrapper.bit"
20:52:16 ERROR : Checking FPGA configuration failed..Connection to Board Failed


    Failed to open Cable Node jsn-Zybo-210279772551A on TCP:127.0.0.1:3121


20:52:16 ERROR : Unexpected error while launching program.
com.xilinx.sdk.targetmanager.TMException: Connection to Board Failed


    Failed to open Cable Node jsn-Zybo-210279772551A on TCP:127.0.0.1:3121


	at com.xilinx.sdk.targetmanager.internal.TM.isFPGAConfigured(TM.java:374)
	at com.xilinx.sdk.debug.core.XilinxAppLaunchConfigurationDelegate.isFpgaConfigured(XilinxAppLaunchConfigurationDelegate.java:409)
	at com.xilinx.sdk.debug.core.XilinxAppLaunchConfigurationDelegate.launch(XilinxAppLaunchConfigurationDelegate.java:303)
	at com.xilinx.sdk.debug.ui.XilinxAppLaunchDelegateWrapper.launch(XilinxAppLaunchDelegateWrapper.java:31)
	at org.eclipse.debug.internal.core.LaunchConfiguration.launch(LaunchConfiguration.java:858)
	at org.eclipse.debug.internal.core.LaunchConfiguration.launch(LaunchConfiguration.java:707)
	at org.eclipse.debug.internal.ui.DebugUIPlugin.buildAndLaunch(DebugUIPlugin.java:1018)
	at org.eclipse.debug.internal.ui.DebugUIPlugin$8.run(DebugUIPlugin.java:1222)
	at org.eclipse.core.internal.jobs.Worker.run(Worker.java:53)
20:52:50 INFO  : Connected to target on host '127.0.0.1' and port '3121'.
20:52:51 INFO  : 'targets -set -filter {jtag_cable_name =~ "Digilent Zybo 210279772162A" && level==0} -index 1' command is executed.
20:52:53 INFO  : FPGA configured successfully with bitstream "C:/Users/Mike/Documents/osiris-hdl/projects/zybo_receiver/zybo_receiver.sdk/zybo_receiver_wrapper_hw_platform_0/zybo_receiver_wrapper.bit"
20:53:15 ERROR : Unexpected error while parsing XMD response ?: com.google.gson.JsonSyntaxException: com.google.gson.stream.MalformedJsonException: invalid number or unquoted string near 
20:53:38 INFO  : Launching XSDB server: xsdb.bat C:/Xilinx/SDK/2015.4/scripts/xsdb/xsdb/xsdb-server.tcl
20:53:40 INFO  : XSDB server has started successfully.
20:53:41 INFO  : Processing command line option -hwspec C:/Users/Mike/Documents/osiris-hdl/projects/zybo_receiver/zybo_receiver.sdk/zybo_receiver_wrapper.hdf.
20:53:42 INFO  : Checking for hwspec changes in the project zybo_receiver_wrapper_hw_platform_0.
20:53:54 INFO  : Connected to target on host '127.0.0.1' and port '3121'.
20:53:54 INFO  : 'targets -set -filter {jtag_cable_name =~ "Digilent Zybo 210279772162A" && level==0} -index 1' command is executed.
20:53:56 INFO  : FPGA configured successfully with bitstream "C:/Users/Mike/Documents/osiris-hdl/projects/zybo_receiver/zybo_receiver.sdk/zybo_receiver_wrapper_hw_platform_0/zybo_receiver_wrapper.bit"
20:54:16 ERROR : Checking FPGA configuration failed..Connection to Board Failed


    Failed to open Cable Node jsn-Zybo-210279772551A on TCP:127.0.0.1:3121


20:54:16 ERROR : Unexpected error while launching program.
com.xilinx.sdk.targetmanager.TMException: Connection to Board Failed


    Failed to open Cable Node jsn-Zybo-210279772551A on TCP:127.0.0.1:3121


	at com.xilinx.sdk.targetmanager.internal.TM.isFPGAConfigured(TM.java:374)
	at com.xilinx.sdk.debug.core.XilinxAppLaunchConfigurationDelegate.isFpgaConfigured(XilinxAppLaunchConfigurationDelegate.java:409)
	at com.xilinx.sdk.debug.core.XilinxAppLaunchConfigurationDelegate.launch(XilinxAppLaunchConfigurationDelegate.java:303)
	at com.xilinx.sdk.debug.ui.XilinxAppLaunchDelegateWrapper.launch(XilinxAppLaunchDelegateWrapper.java:31)
	at org.eclipse.debug.internal.core.LaunchConfiguration.launch(LaunchConfiguration.java:858)
	at org.eclipse.debug.internal.core.LaunchConfiguration.launch(LaunchConfiguration.java:707)
	at org.eclipse.debug.internal.ui.DebugUIPlugin.buildAndLaunch(DebugUIPlugin.java:1018)
	at org.eclipse.debug.internal.ui.DebugUIPlugin$8.run(DebugUIPlugin.java:1222)
	at org.eclipse.core.internal.jobs.Worker.run(Worker.java:53)
20:55:16 ERROR : Unexpected error while parsing XMD response ?: com.google.gson.JsonSyntaxException: com.google.gson.stream.MalformedJsonException: invalid number or unquoted string near 
20:58:35 INFO  : Launching XSDB server: xsdb.bat C:/Xilinx/SDK/2015.4/scripts/xsdb/xsdb/xsdb-server.tcl
20:58:37 INFO  : XSDB server has started successfully.
20:58:38 INFO  : Processing command line option -hwspec C:/Users/Mike/Documents/osiris-hdl/projects/zybo_receiver/zybo_receiver.sdk/zybo_receiver_wrapper.hdf.
20:58:38 INFO  : Checking for hwspec changes in the project zybo_receiver_wrapper_hw_platform_0.
20:59:05 INFO  : Connected to target on host '127.0.0.1' and port '3121'.
20:59:11 INFO  : 'targets -set -filter {jtag_cable_name =~ "Digilent Zybo 210279772162A" && level==0} -index 1' command is executed.
20:59:12 INFO  : FPGA configured successfully with bitstream "C:/Users/Mike/Documents/osiris-hdl/projects/zybo_receiver/zybo_receiver.sdk/zybo_receiver_wrapper_hw_platform_0/zybo_receiver_wrapper.bit"
20:59:25 INFO  : ps7_init is completed.
20:59:25 INFO  : ps7_post_config is completed.
20:59:25 INFO  : Processor reset is completed for ps7_cortexa9_0
21:03:08 ERROR : Unexpected error while parsing XMD response ?: com.google.gson.JsonSyntaxException: com.google.gson.stream.MalformedJsonException: invalid number or unquoted string near 
21:04:08 INFO  : Launching XSDB server: xsdb.bat C:/Xilinx/SDK/2015.4/scripts/xsdb/xsdb/xsdb-server.tcl
21:04:09 INFO  : XSDB server has started successfully.
21:04:10 INFO  : Processing command line option -hwspec C:/Users/Mike/Documents/osiris-hdl/projects/zybo_receiver/zybo_receiver.sdk/zybo_receiver_wrapper.hdf.
21:04:10 INFO  : Checking for hwspec changes in the project zybo_receiver_wrapper_hw_platform_0.
21:04:56 INFO  : Processor reset is completed for ps7_cortexa9_0
22:00:00 INFO  : FPGA Cable Disconnected. All active launches will be terminated.
23:16:36 ERROR : Unexpected error while fetching XMD's response: 
java.net.SocketException: Connection reset
	at java.net.SocketInputStream.read(SocketInputStream.java:209)
	at java.net.SocketInputStream.read(SocketInputStream.java:141)
	at sun.nio.cs.StreamDecoder.readBytes(StreamDecoder.java:284)
	at sun.nio.cs.StreamDecoder.implRead(StreamDecoder.java:326)
	at sun.nio.cs.StreamDecoder.read(StreamDecoder.java:178)
	at java.io.InputStreamReader.read(InputStreamReader.java:184)
	at java.io.BufferedReader.fill(BufferedReader.java:161)
	at java.io.BufferedReader.read(BufferedReader.java:182)
	at com.xilinx.sdk.targetmanager.internal.json.XMDJSONProcess$CommandResultsReader.run(XMDJSONProcess.java:332)
	at java.lang.Thread.run(Thread.java:745)
23:16:36 ERROR : Zero sized response read from XMD. This indicates a communication error or a programming error.
13:52:10 INFO  : Launching XSDB server: xsdb.bat C:/Xilinx/SDK/2015.4/scripts/xsdb/xsdb/xsdb-server.tcl
13:52:17 INFO  : XSDB server has started successfully.
13:52:35 INFO  : Processing command line option -hwspec C:/Users/Mike/Documents/osiris-hdl/projects/zybo_receiver/zybo_receiver.sdk/zybo_receiver_wrapper.hdf.
13:52:42 INFO  : Checking for hwspec changes in the project zybo_receiver_wrapper_hw_platform_0.
13:52:42 INFO  : SDK has detected change in the last modified timestamps for source hardware specification file Source:1459973999544,  Project:1459795427097
13:52:42 INFO  : The hardware specification for project 'zybo_receiver_wrapper_hw_platform_0' is different from C:/Users/Mike/Documents/osiris-hdl/projects/zybo_receiver/zybo_receiver.sdk/zybo_receiver_wrapper.hdf.
13:52:56 INFO  : Copied contents of C:/Users/Mike/Documents/osiris-hdl/projects/zybo_receiver/zybo_receiver.sdk/zybo_receiver_wrapper.hdf into \zybo_receiver_wrapper_hw_platform_0\system.hdf.
13:53:05 INFO  : Synchronizing projects in the workspace with the hardware platform specification changes.
13:53:16 INFO  : 
13:53:17 INFO  : Updating hardware inferred compiler options for zybo_receiver.
13:53:17 INFO  : Clearing existing target manager status.
13:53:19 INFO  : Closing and re-opening the MSS file of ther project zybo_receiver_bsp
13:53:19 INFO  : Workspace synchronized with the new hardware specification file. Cleaning dependent projects...
13:53:58 WARN  : Linker script will not be updated automatically. Users need to update it manually.
13:53:59 ERROR : Unexpected error while parsing XMD response ?: com.google.gson.JsonSyntaxException: com.google.gson.stream.MalformedJsonException: invalid number or unquoted string near 
13:54:25 INFO  : Launching XSDB server: xsdb.bat C:/Xilinx/SDK/2015.4/scripts/xsdb/xsdb/xsdb-server.tcl
13:54:26 INFO  : XSDB server has started successfully.
13:54:34 INFO  : Processing command line option -hwspec C:/Users/Mike/Documents/osiris-hdl/projects/zybo_receiver/zybo_receiver.sdk/zybo_receiver_wrapper.hdf.
13:54:36 INFO  : Checking for hwspec changes in the project zybo_receiver_wrapper_hw_platform_0.
13:55:49 INFO  : ps7_init is completed.
13:55:49 INFO  : ps7_post_config is completed.
13:55:49 INFO  : Processor reset is completed for ps7_cortexa9_0
13:58:58 INFO  : ps7_init is completed.
13:58:58 INFO  : ps7_post_config is completed.
13:58:59 INFO  : Processor reset is completed for ps7_cortexa9_0
14:00:18 INFO  : ps7_init is completed.
14:00:18 INFO  : ps7_post_config is completed.
14:00:19 INFO  : Processor reset is completed for ps7_cortexa9_0
19:51:20 ERROR : Unexpected error while parsing XMD response ?: com.google.gson.JsonSyntaxException: com.google.gson.stream.MalformedJsonException: invalid number or unquoted string near 
14:18:35 INFO  : Launching XSDB server: xsdb.bat C:/Xilinx/SDK/2015.4/scripts/xsdb/xsdb/xsdb-server.tcl
14:18:38 INFO  : XSDB server has started successfully.
14:18:38 INFO  : Processing command line option -hwspec C:/Users/Mike/Documents/osiris-hdl/projects/zybo_receiver/zybo_receiver.sdk/zybo_receiver_wrapper.hdf.
14:18:39 INFO  : Checking for hwspec changes in the project zybo_receiver_wrapper_hw_platform_0.
14:19:00 INFO  : Connected to target on host '127.0.0.1' and port '3121'.
14:19:09 INFO  : Connected to target on host '127.0.0.1' and port '3121'.
14:19:11 INFO  : 'targets -set -filter {jtag_cable_name =~ "Digilent Zybo 210279772162A" && level==0} -index 1' command is executed.
14:19:13 INFO  : FPGA configured successfully with bitstream "C:/Users/Mike/Documents/osiris-hdl/projects/zybo_receiver/zybo_receiver.sdk/zybo_receiver_wrapper_hw_platform_0/zybo_receiver_wrapper.bit"
14:46:48 INFO  : Launching XSDB server: xsdb.bat C:/Xilinx/SDK/2015.4/scripts/xsdb/xsdb/xsdb-server.tcl
14:46:51 INFO  : XSDB server has started successfully.
14:46:51 INFO  : Processing command line option -hwspec C:/Users/Mike/Documents/osiris-hdl/projects/zybo_receiver/zybo_receiver.sdk/zybo_receiver_wrapper.hdf.
14:46:51 INFO  : Checking for hwspec changes in the project zybo_receiver_wrapper_hw_platform_0.
14:48:00 INFO  : Connected to target on host '127.0.0.1' and port '3121'.
14:48:57 INFO  : Processor reset is completed for ps7_cortexa9_0
14:49:00 ERROR : Unexpected error while launching program.
java.lang.RuntimeException: Failed to download ELF file


    AP transaction error (DP CTRL_STAT=0xf0000021)
    Error Address = 0x00100000, Size = 0x00000004


	at com.xilinx.sdk.targetmanager.internal.TM.downloadELF(TM.java:686)
	at com.xilinx.sdk.debug.core.internal.AppRunner.run(AppRunner.java:129)
	at com.xilinx.sdk.debug.core.XilinxAppLaunchConfigurationDelegate.runApplication(XilinxAppLaunchConfigurationDelegate.java:637)
	at com.xilinx.sdk.debug.core.XilinxAppLaunchConfigurationDelegate.launch(XilinxAppLaunchConfigurationDelegate.java:309)
	at com.xilinx.sdk.debug.ui.XilinxAppLaunchDelegateWrapper.launch(XilinxAppLaunchDelegateWrapper.java:31)
	at org.eclipse.debug.internal.core.LaunchConfiguration.launch(LaunchConfiguration.java:858)
	at org.eclipse.debug.internal.core.LaunchConfiguration.launch(LaunchConfiguration.java:707)
	at org.eclipse.debug.internal.ui.DebugUIPlugin.buildAndLaunch(DebugUIPlugin.java:1018)
	at org.eclipse.debug.internal.ui.DebugUIPlugin$8.run(DebugUIPlugin.java:1222)
	at org.eclipse.core.internal.jobs.Worker.run(Worker.java:53)
14:49:51 ERROR : Unexpected error while parsing XMD response ?: com.google.gson.JsonSyntaxException: com.google.gson.stream.MalformedJsonException: invalid number or unquoted string near 
14:50:08 INFO  : Launching XSDB server: xsdb.bat C:/Xilinx/SDK/2015.4/scripts/xsdb/xsdb/xsdb-server.tcl
14:50:11 INFO  : XSDB server has started successfully.
14:50:11 INFO  : Processing command line option -hwspec C:/Users/Mike/Documents/osiris-hdl/projects/zybo_receiver/zybo_receiver.sdk/zybo_receiver_wrapper.hdf.
14:50:12 INFO  : Checking for hwspec changes in the project zybo_receiver_wrapper_hw_platform_0.
14:50:21 INFO  : Connected to target on host '127.0.0.1' and port '3121'.
14:50:32 INFO  : ps7_init is completed.
14:50:32 INFO  : ps7_post_config is completed.
14:50:33 INFO  : Processor reset is completed for ps7_cortexa9_0
14:53:51 INFO  : Processor reset is completed for ps7_cortexa9_0
14:54:50 INFO  : Processor reset is completed for ps7_cortexa9_0
14:58:17 INFO  : Processor reset is completed for ps7_cortexa9_0
14:58:33 ERROR : Unexpected error while parsing XMD response ?: com.google.gson.JsonSyntaxException: com.google.gson.stream.MalformedJsonException: invalid number or unquoted string near 
15:29:03 INFO  : Launching XSDB server: xsdb.bat C:/Xilinx/SDK/2015.4/scripts/xsdb/xsdb/xsdb-server.tcl
15:29:06 INFO  : XSDB server has started successfully.
15:29:07 INFO  : Processing command line option -hwspec C:/Users/Mike/Documents/osiris-hdl/projects/zybo_receiver/zybo_receiver.sdk/zybo_receiver_wrapper.hdf.
15:29:07 INFO  : Checking for hwspec changes in the project zybo_receiver_wrapper_hw_platform_0.
15:29:32 INFO  : Connected to target on host '127.0.0.1' and port '3121'.
15:29:45 INFO  : Connected to target on host '127.0.0.1' and port '3121'.
15:29:50 INFO  : Connected to target on host '127.0.0.1' and port '3121'.
15:29:50 INFO  : 'targets -set -filter {jtag_cable_name =~ "Digilent Zybo 210279772551A" && level==0} -index 1' command is executed.
15:29:52 INFO  : FPGA configured successfully with bitstream "C:/Users/Mike/Documents/osiris-hdl/projects/zybo_receiver/zybo_receiver.sdk/zybo_receiver_wrapper_hw_platform_0/zybo_receiver_wrapper.bit"
15:30:05 INFO  : ps7_init is completed.
15:30:05 INFO  : ps7_post_config is completed.
15:30:05 INFO  : Processor reset is completed for ps7_cortexa9_0
15:30:37 INFO  : Processor reset is completed for ps7_cortexa9_0
15:36:07 ERROR : Unexpected error while parsing XMD response ?: com.google.gson.JsonSyntaxException: com.google.gson.stream.MalformedJsonException: invalid number or unquoted string near 
17:14:39 INFO  : Launching XSDB server: xsdb.bat C:/Xilinx/SDK/2015.4/scripts/xsdb/xsdb/xsdb-server.tcl
17:14:43 INFO  : XSDB server has started successfully.
17:14:43 INFO  : Processing command line option -hwspec C:/Users/Mike/Documents/osiris-hdl/projects/zybo_receiver/zybo_receiver.sdk/zybo_receiver_wrapper.hdf.
17:14:43 INFO  : Checking for hwspec changes in the project zybo_receiver_wrapper_hw_platform_0.
17:15:09 INFO  : Connected to target on host '127.0.0.1' and port '3121'.
17:15:22 INFO  : Connected to target on host '127.0.0.1' and port '3121'.
17:15:22 INFO  : 'targets -set -filter {jtag_cable_name =~ "Digilent Zybo 210279772551A" && level==0} -index 1' command is executed.
17:15:24 INFO  : FPGA configured successfully with bitstream "C:/Users/Mike/Documents/osiris-hdl/projects/zybo_receiver/zybo_receiver.sdk/zybo_receiver_wrapper_hw_platform_0/zybo_receiver_wrapper.bit"
17:15:35 INFO  : ps7_init is completed.
17:15:35 INFO  : ps7_post_config is completed.
17:15:35 INFO  : Processor reset is completed for ps7_cortexa9_0
17:23:12 ERROR : Unexpected error while parsing XMD response ?: com.google.gson.JsonSyntaxException: com.google.gson.stream.MalformedJsonException: invalid number or unquoted string near 
